49 1 5 2 3 51 4 61 74 7 36 8 12 9 10 90 11 18 13 14 42 15 71 16 40 81 70 56 21 22 23 24 63 28 31 41 72 69 34 62 37 39 43 44 73 47 60 52 54 89 57 58 59 86 82 67 75 76 77 91
49 4
1 5
1 2
5 4
5 74
3 4
3 51
51 24
51 60
51 52
4 61
4 54
74 21
7 36
36 62
36 43
36 37
8 12
12 11
12 76
12 13
9 13
9 81
10 11
10 90
90 15
90 57
90 89
90 91
11 18
11 23
11 34
11 44
11 52
14 42
14 15
14 67
14 72
42 40
42 70
42 69
42 41
42 43
15 71
15 39
15 82
15 16
70 22
70 31
56 57
63 62
28 31
28 73
47 86
60 86
60 59
54 75
89 77
57 58