0 20 10 56 57 58 59 60 61 62 63 64 65 66 67 68 69 70 71 72 73 74 75 76 77 78 79 80 81 82 83 84 85 86 87 88 89 90 91 1 93 2 24 3 4 7 23 46 5 41 6 8 13 35 33 17 11 12 16 21 18 48 19 50 42 52 37
0 20
0 10
0 56
0 57
0 58
0 59
0 60
0 61
0 62
0 63
0 64
0 65
0 66
0 67
0 68
0 69
0 70
0 71
0 72
0 73
0 74
0 75
0 76
0 77
0 78
0 79
0 80
0 81
0 82
0 83
0 84
0 85
0 86
0 87
0 88
0 89
0 90
0 91
20 3
20 11
20 24
56 2
57 4
60 8
79 42
89 52
1 93
93 4
4 7
4 23
4 46
7 5
46 6
46 19
5 41
8 13
8 35
8 33
13 16
13 21
35 18
33 17
17 12
21 50
18 48
48 37