2 6 7 9 13 14 16 20 21 23 27 28 30 34 35 37 40 41 42 43 44 45 46 47 48 49 50 51 52 53 54 55 56 57 58 59 60 61 62 63 64 65 66 67 68 69 70 71 72 73 74 75 76 77 78 79 80 81 82 83 84 85 86 87 90 91 93 97 98
2 6
6 7
7 9
9 13
13 14
14 16
16 20
20 21
21 23
23 27
27 28
28 30
30 34
34 35
35 37
37 40
37 41
41 42
42 45
42 43
42 44
44 47
44 48
44 46
48 49
49 52
49 50
49 51
51 54
51 55
51 53
55 56
56 59
56 57
56 58
58 61
58 62
58 60
62 63
63 66
63 64
63 65
65 68
65 69
65 67
69 70
70 73
70 71
70 72
72 75
72 76
72 74
76 77
77 80
77 78
77 79
79 82
79 83
79 81
83 84
84 87
84 85
84 86
86 90
90 91
91 93
93 97
97 98