0 7 4 44 74 75 76 77 78 79 80 81 82 83 84 85 86 87 88 89 90 91 92 93 94 95 96 97 98 99 1 3 66 63 50 37 30 58 38 6 42 8 18 49 9 15 10 48 62 61 70 13 40 14 53 73 60 64 17 54 65 22 72 23 24 55 57 25 27 28 56 51 29
0 7
0 4
0 44
0 74
0 75
0 76
0 77
0 78
0 79
0 80
0 81
0 82
0 83
0 84
0 85
0 86
0 87
0 88
0 89
0 90
0 91
0 92
0 93
0 94
0 95
0 96
0 97
0 98
0 99
7 42
4 37
4 30
4 58
44 15
44 53
76 3
79 6
81 8
83 10
1 3
3 63
3 50
66 10
63 23
50 40
30 27
38 22
38 62
8 18
8 49
49 17
9 15
15 60
15 64
10 48
10 62
10 61
61 25
61 29
70 17
13 40
14 73
14 53
64 57
54 27
65 25
65 51
22 72
24 55
24 57
28 56
28 51