0 32 34 38 36 68 69 70 71 72 73 74 75 76 77 78 79 80 81 82 83 84 85 86 87 88 89 90 92 93 94 95 96 97 98 99 1 30 2 43 4 48 39 8 20 9 66 14 11 41 45 12 23 28 15 59 16 22 35 57 26 25 54 44 53 42 40 64 52
0 76
0 81
0 86
0 80
0 85
0 93
0 73
0 96
0 68
0 75
0 74
0 83
0 97
0 84
0 82
0 34
0 71
0 78
0 90
0 88
0 72
0 77
0 79
0 70
0 94
0 95
0 69
0 99
0 89
0 92
0 98
0 87
32 89
34 53
38 94
38 25
38 64
36 93
68 1
69 2
73 8
74 9
76 11
78 14
79 16
82 20
84 22
85 23
86 26
87 30
92 35
95 39
96 40
97 41
98 42
99 43
4 48
48 8
9 66
66 59
11 45
45 44
12 23
12 28
28 54
15 59
22 57
57 52