0 11 7 42 43 44 45 46 47 48 49 50 51 52 53 54 55 56 57 58 59 60 61 62 63 64 65 66 67 68 69 70 71 72 73 1 17 22 74 75 76 77 78 79 80 82 83 85 86 87 88 90 91 92 93 96 97 98 99 25 13 4 32 27 5 6 20 15 9 40 30 39 38 21 26
0 11
0 7
0 42
0 43
0 44
0 45
0 46
0 47
0 48
0 49
0 50
0 51
0 52
0 53
0 54
0 55
0 56
0 57
0 58
0 59
0 60
0 61
0 62
0 63
0 64
0 65
0 66
0 67
0 68
0 69
0 70
0 71
0 72
0 73
11 30
7 1
46 5
52 13
56 20
72 39
73 40
1 17
1 22
1 74
1 75
1 76
1 77
1 78
1 79
1 80
1 82
1 83
1 85
1 86
1 87
1 88
1 90
1 91
1 92
1 93
1 96
1 97
1 98
1 99
17 38
22 21
25 6
4 27
4 32
27 9
6 20
20 15
9 40
40 26