0 1 98 89 2 21 3 4 5 42 6 38 7 11 8 70 76 10 68 26 12 13 14 96 15 16 57 17 91 18 44 19 61 20 83 46 22 23 53 25 27 28 40 31 30 82 86 32 33 92 47 37 39 64 97 48 49 56 52 58 67 60 93 75 66 79 71 72 90 95
0 1
0 98
0 89
1 2
1 21
89 90
21 20
21 22
3 4
4 5
4 42
5 6
5 38
6 7
6 11
38 37
38 39
7 8
7 70
11 10
11 12
8 76
70 71
76 75
10 26
68 67
26 25
26 27
12 13
13 14
13 96
14 15
96 95
96 97
15 16
15 57
16 17
16 91
57 56
57 58
17 18
17 44
91 90
91 92
18 19
18 61
19 83
61 60
20 46
83 82
46 47
22 23
23 53
53 52
27 28
27 40
28 31
31 30
31 32
30 86
32 33
92 93
47 48
39 64
48 49
58 67
67 66
66 79
71 72