0 14 8 38 39 40 41 42 43 44 45 46 47 48 49 50 51 52 53 54 55 56 57 58 59 60 61 62 63 64 65 66 67 1 32 23 69 70 71 72 73 74 75 76 77 78 79 80 81 82 84 85 86 87 88 89 91 2 24 3 16 4 15 26 28 9 17 12 33 13 22 27 19 30 29 36
0 14
0 8
0 38
0 39
0 40
0 41
0 42
0 43
0 44
0 45
0 46
0 47
0 48
0 49
0 50
0 51
0 52
0 53
0 54
0 55
0 56
0 57
0 58
0 59
0 60
0 61
0 62
0 63
0 64
0 65
0 66
0 67
14 4
14 22
14 27
38 1
44 9
57 26
59 29
1 32
1 23
1 69
1 70
1 71
1 72
1 73
1 74
1 75
1 76
1 77
1 78
1 79
1 80
1 81
1 82
1 84
1 85
1 86
1 87
1 88
1 89
1 91
32 2
69 3
2 24
3 16
4 15
26 13
28 12
9 17
9 12
33 36
19 30
30 29
29 36