0 30 66 67 68 69 70 71 72 73 74 75 76 77 78 79 80 81 82 83 84 85 86 87 88 89 90 91 92 93 94 95 96 97 98 99 22 2 28 57 3 44 37 29 48 5 6 31 7 8 58 9 27 42 11 15 38 59 12 49 33 21 25 20 46 53 61 62 60
0 72
0 85
0 78
0 80
0 93
0 73
0 76
0 70
0 95
0 66
0 81
0 94
0 79
0 96
0 82
0 89
0 74
0 86
0 92
0 69
0 68
0 90
0 88
0 67
0 87
0 97
0 98
0 91
0 71
0 84
0 99
0 77
0 83
0 75
30 84
66 3
67 5
68 7
69 8
70 9
71 12
75 20
76 21
79 25
81 27
82 28
83 29
86 33
90 37
91 38
95 42
96 44
97 46
99 48
22 46
2 28
2 57
37 49
6 31
31 53
31 61
8 58
58 62
42 60
11 38
11 59
15 33
53 60