0 1 2 5 6 9 10 11 12 14 15 18 19 20 23 26 25 27 28 29 30 31 32 34 35 36 37 39 40 41 44 47 48 49 51 50 52 53 54 55 56 57 58 59 60 61 62 63 64 65 66 67 68 69 70 71 72 73 74 76 75 77 80 81 83 84 85 86 87 89 92 96 98 99
0 1
0 5
1 2
2 9
5 6
5 14
6 23
9 10
10 11
10 19
11 12
14 15
18 19
18 49
19 20
26 25
26 27
26 32
25 29
25 30
27 28
27 34
30 31
30 39
31 48
34 35
35 36
35 44
36 37
39 40
40 74
40 41
47 48
48 49
51 50
51 52
51 57
50 54
50 55
52 53
52 59
55 56
55 64
56 73
58 59
58 71
59 60
60 61
60 69
61 62
62 63
62 67
64 65
65 66
65 99
68 69
69 70
72 73
73 74
76 75
76 77
75 80
77 84
80 81
80 89
81 98
83 84
83 96
84 85
85 86
86 87
87 92
98 99