0 37 50 73 81 1 41 80 89 95 29 43 12 87 4 22 47 77 9 18 32 55 21 82 88 92 7 36 52 8 40 94 34 42 65 60 64 68 11 71 72 56 66 74 15 53 51 38 17 49 20 86 76 54 45 58 97 78 70 79 84
0 37
37 45
37 15
37 70
37 43
50 21
73 1
81 15
1 89
1 95
1 80
41 79
41 17
89 64
89 79
89 60
89 86
89 8
95 53
95 68
95 7
95 38
29 97
29 58
12 56
87 66
4 77
4 47
22 34
22 8
22 65
47 82
77 45
77 34
77 92
9 34
18 17
32 42
55 34
21 56
21 66
88 51
88 84
88 52
88 36
40 34
94 79
34 71
42 71
42 54
11 71
71 78
72 86
56 15
66 20
74 15
51 45
49 76
76 58
97 79