0 15 27 28 29 30 2 13 4 31 32 33 3 34 35 23 38 39 21 40 6 8 9 19 45 46 49 50 51 52 54 20 55 11 16 58 59 61 62 64 66 14 67 22 72 74 17 77 78 18 80 81 83 84 85 87 89 90 92 94 97
0 27
15 72
27 74
28 32
29 85
30 81
2 32
2 31
13 64
13 66
4 39
31 49
31 87
32 89
32 81
33 84
3 34
3 35
34 89
34 52
23 94
38 64
39 72
21 90
21 89
40 66
6 45
8 49
8 51
8 50
9 54
19 84
19 83
45 62
45 58
45 92
46 78
49 80
50 97
52 94
54 81
20 85
55 58
11 58
11 59
16 74
61 78
61 67
64 89
66 77
14 67
22 92
72 89
74 77
17 78
78 80
18 81
84 90
85 97
90 92