0 19 25 26 20 8 28 30 2 11 7 31 33 3 34 35 9 10 37 38 39 41 42 6 43 44 45 47 21 49 51 12 52 53 14 55 60 61 62 64 67 68 69 70 18 74 17 23 76 22 81 83 84 85 87 88 89 91 93 95 96 99
0 26
19 83
25 35
26 42
26 37
20 87
8 49
28 38
30 93
2 31
2 33
11 60
7 47
31 35
31 44
3 35
3 34
35 95
35 47
9 53
10 55
37 39
38 45
41 67
42 81
6 44
6 45
6 43
44 88
47 55
47 85
21 89
21 88
49 83
51 96
12 61
12 62
52 62
53 81
14 67
14 69
14 68
55 60
60 83
60 93
61 64
64 83
67 84
69 87
69 81
70 74
70 91
18 81
17 76
23 95
76 84
22 91
22 93
87 95
93 99
95 96