0 4 18 50 51 52 53 54 55 56 57 58 59 60 62 63 64 65 66 67 68 69 70 71 72 73 74 75 76 77 78 79 80 81 82 83 84 85 1 6 10 3 8 29 5 46 21 7 39 9 30 32 12 44 28 17 35 20 24 45 43 37 34
0 18
0 4
0 65
0 71
0 85
0 54
0 74
0 58
0 72
0 62
0 51
0 57
0 78
0 80
0 75
0 67
0 82
0 83
0 68
0 63
0 81
0 60
0 77
0 79
0 59
0 70
0 76
0 69
0 84
0 53
0 50
0 64
0 56
0 66
0 73
0 55
0 52
4 29
65 24
70 30
75 35
78 39
83 46
1 6
6 21
6 3
10 5
3 8
5 46
21 12
21 45
7 39
39 17
39 28
9 30
32 35
12 44
28 34
20 24
24 45
24 43
37 34