0 25 27 1 20 3 28 30 2 31 32 33 7 36 4 8 6 37 39 40 41 42 12 22 43 44 45 46 47 48 49 52 53 10 55 56 57 60 61 62 63 21 23 67 68 69 71 16 73 75 76 77 78 79 82 83 87 88 90 95 96 98 99
0 27
25 55
27 61
27 77
27 82
1 28
1 30
20 87
3 7
28 87
28 43
2 31
2 32
2 33
31 60
31 45
7 46
7 47
36 53
4 37
8 49
6 43
6 44
6 22
37 49
37 61
39 43
40 90
41 69
41 98
42 61
12 62
12 61
43 47
43 95
43 53
43 63
44 83
44 48
45 87
45 62
49 96
52 67
53 55
10 56
10 55
10 57
55 79
56 76
56 67
57 90
57 73
62 99
62 68
21 88
21 90
23 95
69 82
71 96
16 73
16 75
78 95