0 1 2 4 5 6 12 13 14 7 11 17 16 18 19 15 26 34 25 33 27 28 29 30 31 37 38 39 32 36 42 41 43 44 40 46 47 45 60 53 50 51 58 59 52 54 55 56 63 64 57 61 67 66 68 69 65 71 72 70 76 75 77 79 80 81 87 88 89 86 92 91 93
0 1
1 2
2 6
2 4
2 5
5 14
5 13
6 7
12 11
12 13
13 16
13 19
13 18
14 15
11 17
15 26
26 27
26 25
26 28
34 25
25 33
27 31
27 29
27 30
30 39
30 38
31 32
37 36
37 38
38 41
38 44
38 43
39 40
36 42
42 45
41 46
41 47
40 60
40 53
60 61
53 51
50 51
50 58
50 59
51 52
52 56
52 54
52 55
55 64
55 63
56 57
63 66
63 69
63 68
64 65
61 67
67 70
66 71
66 72
65 76
76 77
76 75
77 81
77 79
77 80
80 89
80 88
87 86
87 88
88 91
88 93
86 92