0 4 21 26 27 28 29 30 31 32 34 35 38 39 40 41 42 43 44 45 47 1 2 48 49 50 51 52 53 54 55 56 57 58 59 61 62 63 64 65 3 9 66 67 68 69 70 71 72 73 74 75 76 77 78 79 80 81 82 83 84 6 85 86 87 88 89 91 92 94 95 96 98 99 5 22 16 15 25 24 19 20 18
0 4
0 21
0 26
0 27
0 28
0 29
0 30
0 31
0 32
0 34
0 35
0 38
0 39
0 40
0 41
0 42
0 43
0 44
0 45
0 47
27 2
38 15
44 22
1 2
1 48
1 49
1 50
1 51
1 52
1 53
1 54
1 55
1 56
1 57
1 58
1 59
1 61
1 62
1 63
1 64
1 65
2 3
2 9
2 66
2 67
2 68
2 69
2 70
2 71
2 72
2 73
2 74
2 75
2 76
2 77
2 78
2 79
2 80
2 81
2 82
2 83
2 84
3 6
3 85
3 86
3 87
3 88
3 89
3 91
3 92
3 94
3 95
3 96
3 98
3 99
5 22
22 18
22 25
16 15
15 19
25 20
25 24