0 12 6 32 34 35 36 37 38 39 40 41 42 43 44 45 46 47 48 49 51 52 54 55 1 21 2 58 59 60 61 62 63 64 65 66 67 68 69 70 71 72 73 74 75 76 77 78 10 17 79 80 82 83 86 88 91 92 94 96 3 25 31 8 19 20 11 26 14 16 33
0 12
0 6
0 32
0 34
0 35
0 36
0 37
0 38
0 39
0 40
0 41
0 42
0 43
0 44
0 45
0 46
0 47
0 48
0 49
0 51
0 52
0 54
0 55
32 14
32 16
32 33
34 1
39 8
55 31
1 2
1 21
1 59
1 60
1 61
1 62
1 63
1 64
1 65
1 66
1 67
1 68
1 69
1 70
1 71
1 72
1 73
1 74
1 75
1 76
1 77
1 78
2 10
2 17
2 58
2 79
2 80
2 82
2 83
2 86
2 88
2 91
2 92
2 94
2 96
17 11
3 31
3 25
25 19
31 26
20 33