7 3 2 9 5 13 20 8 16 17 10 15 11 12 21 37 43 23 27 29 54 61 57 30 44 58 80 35 40 38 36 48 41 42 46 52 47 49 82 53 56 63 62 59 74 60 64 69 72 65 66 88 67 71 68 90 97 76 79 84 77 86 93 78 87 81
7 8
3 5
2 9
9 17
5 20
13 10
20 23
20 27
8 16
16 21
16 37
16 43
17 21
10 15
15 21
15 12
11 12
21 29
43 30
43 38
27 61
54 63
61 60
57 58
57 56
30 44
30 58
30 80
44 42
58 59
58 74
80 52
80 78
35 38
40 36
40 41
40 42
38 48
48 47
48 49
42 46
47 82
82 81
53 56
56 62
63 65
59 60
74 71
74 79
60 64
60 69
60 72
64 66
64 88
69 90
69 68
72 76
65 67
67 71
90 97
76 77
84 81
77 86
77 93
78 87