0 9 15 27 1 19 22 4 28 29 30 2 14 23 32 3 34 36 7 37 38 39 5 21 40 41 42 6 44 45 47 48 18 50 52 54 10 55 57 60 63 24 64 66 67 70 71 75 76 78 79 82 83 84 85 86 88 90 93 94 95 97 98
0 27
9 52
15 70
27 95
27 93
1 28
1 29
19 82
19 83
22 93
4 39
4 37
28 50
28 86
29 36
30 83
2 32
14 5
23 95
32 52
3 36
34 36
36 47
7 47
7 48
37 44
37 60
38 79
38 98
39 94
39 85
5 41
5 40
5 42
21 90
21 88
40 55
6 44
6 45
44 95
44 70
47 67
48 78
48 84
18 79
52 75
54 82
10 55
10 57
55 82
55 66
57 71
57 64
60 82
63 97
24 97
24 98
67 90
70 75
76 82
82 84
83 98