0 68 35 73 74 75 76 77 78 79 80 81 82 83 84 85 86 87 88 89 90 91 92 93 94 95 97 98 99 1 2 70 3 11 8 4 34 46 21 43 6 17 59 18 32 55 9 10 19 24 72 13 39 58 16 63 47 44 38 27 28 56 30 36 41 37 65 51 61
0 81
0 88
0 87
0 99
0 84
0 85
0 76
0 91
0 92
0 80
0 83
0 82
0 95
0 78
0 73
0 94
0 93
0 89
0 74
0 75
0 90
0 86
0 97
0 79
0 98
0 77
0 68
68 63
68 61
35 93
73 1
74 3
77 8
78 9
79 10
80 13
82 16
83 17
84 18
85 19
86 21
88 24
89 27
90 28
94 36
95 38
99 44
2 70
70 18
70 30
11 24
8 55
8 32
4 46
4 34
46 30
43 28
6 59
17 47
59 27
59 58
72 58
13 39
47 65
38 37
28 56
36 41
51 61