0 57 74 75 76 77 78 79 80 81 82 83 84 85 86 87 88 89 90 91 92 93 94 95 96 97 98 99 1 52 62 2 58 24 4 61 45 46 5 72 71 8 10 43 12 19 13 32 34 70 16 37 40 18 31 20 56 26 29 69 30 44 67 54 53
0 57
0 97
0 89
0 75
0 85
0 74
0 87
0 94
0 82
0 81
0 88
0 76
0 95
0 84
0 90
0 92
0 79
0 91
0 93
0 98
0 96
0 77
0 78
0 86
0 83
0 99
0 80
57 31
57 26
75 2
77 4
80 8
84 13
87 16
90 19
1 62
1 52
62 8
2 58
2 24
24 10
4 61
4 46
4 45
61 44
45 54
5 72
72 12
71 70
43 40
12 19
13 70
13 34
13 32
34 67
70 69
16 37
37 30
40 31
40 20
18 31
56 69
29 69
67 53