6 27 1 2 28 29 14 32 3 19 9 35 4 37 38 39 5 20 40 42 10 43 44 45 7 11 46 47 48 49 51 52 53 54 16 55 56 57 24 58 59 60 61 62 63 13 64 67 70 73 74 17 76 77 79 84 86 92 93 94 95 97 99
6 44
6 43
27 62
1 29
1 28
2 32
29 59
29 38
29 32
14 67
32 57
3 35
19 84
9 52
9 53
35 57
35 54
4 38
4 39
37 44
38 77
38 97
5 42
20 17
40 44
42 58
10 57
10 56
10 55
44 84
44 56
44 49
45 84
45 95
7 47
7 48
11 59
11 58
11 60
46 58
47 59
47 92
48 79
48 74
49 70
51 92
53 63
53 84
53 62
16 74
16 73
56 93
57 99
57 94
24 97
58 86
58 61
63 67
13 64
64 77
17 77
17 76