0 25 27 1 4 2 11 31 33 18 35 36 7 12 9 8 6 43 44 45 48 22 49 52 53 54 55 57 59 62 63 13 64 65 20 16 69 71 24 73 17 19 76 77 79 80 82 21 86 87 88 89 23 91 92 93 95 98 99
0 27
0 25
25 77
1 4
4 7
2 33
11 59
31 88
33 52
18 80
35 88
36 62
7 48
12 63
12 62
9 52
9 54
8 22
8 49
6 44
43 76
44 71
44 76
44 89
45 77
45 65
48 80
22 91
22 93
22 92
22 23
52 88
52 77
52 53
55 71
55 82
57 76
59 73
62 86
63 80
13 65
64 88
20 86
16 73
69 77
24 99
73 88
17 77
17 76
19 82
76 87
77 79
80 99
80 91
21 88
88 98
88 92
23 95