0 95 7 86 23 81 35 24 1 54 67 89 72 88 2 34 14 99 78 52 39 4 77 17 94 43 13 42 27 30 6 28 58 68 20 51 12 85 21 38 32 90 98 53 40 75 15 29 44 45 74 93 36 97 46 33 41 82 25 59
0 95
0 81
95 6
95 72
95 42
95 97
7 20
86 38
23 94
35 38
24 97
24 58
1 72
54 29
67 78
89 97
72 74
88 38
88 13
2 99
34 43
14 27
99 21
78 82
78 38
78 15
78 29
78 46
78 52
78 85
39 27
39 97
39 93
4 94
77 27
77 90
17 98
94 20
43 21
43 6
43 40
43 28
43 12
30 29
68 38
20 97
20 98
51 97
21 75
21 33
38 97
38 25
32 97
98 59
98 53
98 41
98 36
44 97
45 59