0 23 25 1 8 16 29 2 31 5 34 35 20 12 40 41 42 6 14 43 45 7 24 46 48 9 21 53 10 15 55 11 17 58 61 65 66 68 69 22 74 75 76 77 79 80 81 83 84 85 86 87 89 92 94 95 97 98 99
0 23
23 94
25 45
1 29
1 8
16 75
29 81
2 31
31 75
31 98
31 85
5 40
5 41
5 42
34 77
35 99
35 40
20 86
20 85
20 87
20 21
12 61
40 69
41 53
6 45
6 43
14 69
43 69
43 55
43 74
45 94
45 87
45 81
7 46
24 97
24 98
46 86
46 66
48 55
9 53
53 83
10 55
10 15
55 89
11 58
17 77
58 98
61 81
65 69
68 94
69 84
22 92
75 92
76 86
77 94
79 87
80 83
86 95