88 99 50 59 3 9 82 63 33 2 6 86 87 16 49 68 44 70 58 41 25 95 65 61 37 34 46 21 60 72 0 55 93 24 1 79 4 18 13 54 48 39 75 26 32 97 47 40 5 56 74 11 38 73 12 10 42 67 96 20
88 1
99 44
50 32
50 60
50 55
59 67
59 33
59 20
59 3
3 54
9 93
82 0
63 40
33 1
2 87
2 6
86 65
86 46
86 10
87 1
87 18
87 4
16 68
16 49
68 44
68 40
44 41
44 95
44 61
44 65
44 25
44 70
44 58
95 42
65 74
65 12
61 56
61 38
61 37
34 56
34 1
46 72
21 0
0 32
0 26
0 39
93 1
93 47
93 97
24 5
24 12
1 13
1 73
1 32
79 40
54 48
75 56
56 96
56 11