0 1 2 3 4 5 6 7 8 10 11 12 13 14 15 16 17 18 19 20 21 22 23 24 25 26 27 28 29 30 31 32 33 34 35 36 37 38 40 41 42 43 44 45 46 47 48 50 51 52 53 54 55 56 58 60 61 62 63 64 66 68 70 71 72 74 76 78 81 82 84 86 88 91 94 98
0 1
1 11
2 12
3 13
4 14
5 15
6 16
7 17
8 18
10 11
11 12
11 21
12 13
12 22
13 14
13 23
14 15
14 24
15 16
15 25
16 17
16 26
17 18
17 27
18 19
18 28
20 21
21 31
28 29
28 38
30 31
31 32
31 41
32 33
32 42
33 34
33 43
34 35
34 44
35 36
35 45
36 37
36 46
38 48
40 41
41 51
46 47
46 56
48 58
50 51
51 52
51 61
52 53
52 62
53 54
53 63
54 55
54 64
56 66
58 68
60 61
61 71
64 74
66 76
68 78
70 71
71 72
71 81
72 82
74 84
76 86
78 88
81 91
84 94
88 98