0 14 19 21 7 25 26 27 1 22 29 30 2 4 31 32 33 3 20 34 36 6 5 38 39 13 40 41 42 44 46 47 50 51 9 23 52 53 54 10 56 57 11 58 59 61 65 66 67 69 72 73 74 75 17 77 78 79 81 83 85 86 87 89 94 95 98 99
0 26
0 25
0 21
14 67
14 69
19 83
7 47
25 51
26 53
26 99
27 40
27 73
1 29
22 20
29 73
30 47
2 31
2 32
4 38
31 78
31 50
31 57
33 59
3 34
3 20
20 86
20 85
20 87
34 61
36 95
6 44
5 40
5 42
38 52
38 98
38 39
39 81
39 89
13 65
40 47
41 58
44 59
44 54
46 78
47 57
9 54
9 52
9 53
23 95
52 79
53 75
53 87
54 74
54 94
54 67
10 57
56 58
57 72
57 59
11 58
11 59
58 95
58 66
65 67
65 83
17 78
17 77