0 37 49 50 51 52 53 54 55 56 57 58 59 60 61 62 63 64 65 66 67 68 69 70 71 72 73 74 75 76 77 78 79 80 81 82 83 1 29 5 88 89 96 2 44 40 33 36 47 6 45 34 8 20 9 43 14 18 24 17 15 39 16 31 35 28
0 74
0 37
0 60
0 55
0 79
0 78
0 81
0 64
0 71
0 49
0 76
0 53
0 69
0 54
0 67
0 68
0 83
0 63
0 65
0 82
0 62
0 77
0 52
0 61
0 59
0 72
0 57
0 73
0 66
0 56
0 70
0 51
0 58
0 80
0 75
0 50
37 14
49 2
60 16
73 33
74 35
1 5
1 29
1 96
1 89
1 88
5 47
88 6
96 14
2 44
2 40
36 6
47 28
6 45
34 39
8 20
20 35
9 43
43 35
14 17
14 18
14 24
17 31
15 39
39 28