0 8 25 26 4 28 29 2 3 32 12 34 35 36 23 37 38 39 40 41 10 44 45 11 46 47 16 51 9 21 52 53 54 56 59 61 62 64 68 69 70 71 24 73 74 75 76 77 78 80 83 86 90 91 92 94 96 97 98 99
0 26
8 51
25 76
25 45
26 98
4 39
28 73
29 68
2 32
3 36
3 34
3 35
32 64
32 37
12 62
12 61
34 74
34 54
34 59
35 44
36 38
36 69
23 96
23 94
37 54
39 47
39 52
40 97
41 61
10 56
11 59
46 56
47 68
16 74
16 73
51 90
51 77
9 54
9 53
21 90
52 94
54 92
56 61
59 71
62 74
62 98
70 96
24 98
24 99
24 97
73 94
73 77
75 96
75 76
78 83
78 80
83 99
86 90
86 91