0 21 26 27 16 28 6 20 32 33 3 22 11 34 35 4 13 5 9 40 41 43 8 46 47 48 15 50 51 18 52 54 55 57 58 59 60 62 19 65 66 14 67 68 69 70 73 75 76 78 80 81 83 84 87 88 89 91 93 94 95 97 98 99
0 27
0 26
21 89
21 88
27 34
16 75
16 73
28 47
6 43
20 87
32 88
33 51
3 34
3 35
22 91
11 60
11 59
34 43
35 40
35 68
4 13
13 65
13 66
5 40
9 54
40 41
8 51
46 76
46 78
47 60
48 89
15 70
50 88
51 98
18 81
18 80
52 91
52 76
54 84
54 98
55 89
57 83
58 83
59 75
62 89
19 84
19 83
65 91
65 88
66 81
14 67
14 69
67 99
68 89
68 87
70 87
70 93
75 87
80 94
83 87
83 95
84 97
87 99