0 1 3 4 5 6 7 8 10 11 14 15 16 17 18 19 20 21 23 26 27 28 31 33 34 35 36 37 38 40 41 42 43 45 46 47 49 50 51 52 55 56 57 58 59 60 61 62 63 64 66 67 68 69 70 71 72 73 74 75 76 77 78 80 81 82 83 84 85 87 88 89 90 91 92 93 94 95 96 98 99
0 8
0 1
1 31
3 4
4 5
4 88
5 6
5 67
6 64
6 7
7 8
10 92
10 11
14 15
15 16
16 17
17 18
18 23
18 19
19 20
20 21
20 60
26 71
26 27
27 28
33 72
34 60
34 35
35 36
36 37
37 38
40 41
41 82
41 42
42 51
42 43
45 90
45 46
46 47
49 50
50 51
50 90
51 52
55 56
56 57
57 58
58 59
59 60
60 61
60 66
61 72
61 62
63 64
66 67
67 77
67 68
69 70
70 71
71 72
72 73
72 99
74 75
75 76
76 77
77 78
80 81
81 82
82 83
83 84
84 85
87 88
88 89
89 90
90 91
91 92
92 93
93 94
94 95
95 96
98 99