1 4 6 7 8 9 10 11 12 13 14 15 16 17 18 26 27 24 25 30 31 32 28 29 20 22 23 33 34 35 36 37 38 39 87 90 42 47 48 49 50 51 52 54 56 57 59 60 45 61 62 65 69 72 67 68 73 76 85 86 78 80 81 84 93 96
1 72
4 20
4 57
4 90
6 9
7 8
8 9
9 10
9 85
10 11
10 28
11 12
12 13
13 14
14 15
15 16
16 17
17 18
26 25
27 28
24 23
24 25
30 31
30 29
31 60
31 48
31 32
32 54
32 33
28 23
28 29
29 76
22 23
23 96
33 34
34 45
34 78
34 35
34 80
35 36
36 37
37 38
38 39
87 86
42 76
47 48
48 49
49 50
50 51
51 52
56 93
56 45
56 57
59 60
60 61
45 65
61 62
69 72
69 68
72 73
67 76
68 96
85 84
85 86
80 81