0 4 21 27 35 1 2 48 49 50 51 52 53 54 55 56 57 58 59 61 62 63 64 65 3 9 66 67 68 69 70 71 72 73 74 75 76 77 78 79 80 81 82 83 84 6 85 86 87 88 89 90 91 92 93 94 95 96 97 98 99 5 22 16 15 25 24 19 20 18
0 21
0 27
0 4
0 35
27 2
1 2
1 49
1 51
1 54
1 63
1 59
1 48
1 62
1 61
1 53
1 57
1 50
1 58
1 65
1 52
1 64
1 56
1 55
2 3
2 79
2 67
2 68
2 9
2 74
2 77
2 70
2 80
2 78
2 83
2 75
2 76
2 82
2 72
2 71
2 66
2 73
2 84
2 69
2 81
3 6
3 92
3 94
3 85
3 98
3 89
3 95
3 87
3 91
3 86
3 96
3 88
3 99
3 90
3 97
3 93
91 15
97 22
5 22
22 18
22 25
16 15
15 19
25 20
25 24