0 1 10 11 2 22 20 12 21 3 13 23 33 32 31 30 14 24 34 43 42 41 40 50 94 49 5 52 74 75 47 57 25 54 8 29 39 18 27 15 26 37 35 98 88 97 77 79 87 78 76 90 91 92 80 81 72 84 82 60 51 71 63 64 53 73 62
0 1
1 11
1 2
10 11
11 22
2 3
22 12
22 21
22 23
22 33
22 32
20 21
20 30
12 13
21 31
23 24
32 42
14 24
24 25
24 34
43 42
42 52
42 41
40 50
50 60
50 51
94 84
49 39
5 15
52 51
52 53
52 62
74 75
74 84
74 64
74 73
75 76
47 57
47 37
25 15
25 26
25 35
54 64
8 18
29 27
29 39
18 27
27 26
27 37
98 88
98 97
88 77
77 87
77 78
77 76
79 78
90 91
91 92
91 81
80 81
81 72
72 63
72 71
72 73
72 62
72 82