0 1 2 4 5 6 7 8 9 10 25 12 11 13 14 15 16 18 17 19 20 21 22 23 24 3 26 27 28 29 30 31 32 33 34 35 49 36 37 38 39 40 42 41 43 44 45 46 47 48 70 50 55 57 58 60 75 68 71 72 74 79 80 81 82 83 84 85 99 88 89 92 95 97 98
0 1
0 2
1 98
1 4
2 18
2 68
5 8
6 8
7 8
7 15
7 39
8 11
9 10
10 25
10 12
25 26
25 20
25 27
25 28
13 14
14 23
14 24
14 15
15 16
16 18
18 19
18 17
18 21
19 20
19 44
20 3
22 24
24 38
27 70
28 33
29 32
30 32
31 32
32 35
33 35
33 34
34 49
34 42
35 36
37 38
38 47
40 42
42 41
42 43
42 45
46 47
46 48
70 71
50 55
55 58
57 58
57 89
60 75
75 79
71 79
71 72
72 74
74 88
79 82
80 82
81 82
82 85
83 85
83 84
84 99
84 92
88 97
88 89
92 95