0 34 43 35 44 36 45 46 30 47 5 39 42 48 6 32 49 8 10 53 11 54 55 50 56 51 57 15 52 58 16 17 20 63 64 22 65 23 60 66 24 68 26 28 73 75 76 71 77 72 83 84 85 80 86 88 89 91 97
0 43
34 77
34 71
34 68
34 8
43 6
43 77
43 86
43 17
35 72
44 10
36 73
45 11
46 83
46 72
46 89
30 73
30 64
47 84
47 73
5 42
5 48
5 39
39 65
42 16
42 85
42 76
6 32
6 49
32 75
32 66
49 15
10 53
53 16
11 54
54 17
54 80
54 20
54 88
54 91
54 97
54 28
55 89
50 84
56 22
51 85
57 83
57 23
15 58
15 52
58 84
58 24
63 97
63 26
22 65
65 28
23 60
23 66