0 16 68 69 70 71 72 73 74 75 76 77 78 79 80 81 82 83 84 85 86 87 88 89 90 92 93 94 95 96 97 98 99 31 17 4 44 41 7 57 28 8 25 34 39 10 46 33 15 35 32 20 21 59 66 37 23 24 63 67 42 38 58 50 47 48
0 86
0 77
0 70
0 93
0 90
0 99
0 68
0 94
0 95
0 69
0 92
0 79
0 82
0 87
0 85
0 76
0 80
0 73
0 97
0 75
0 88
0 96
0 83
0 78
0 74
0 71
0 81
0 72
0 89
0 84
0 98
0 16
16 35
16 15
71 4
73 7
74 8
76 10
80 17
82 20
84 23
87 28
89 31
90 32
94 39
96 41
97 42
98 47
99 48
4 44
41 63
7 57
57 66
28 67
8 34
8 25
46 42
33 20
21 59
21 66
59 58
37 42
24 63
67 50
38 58