93 49 1 18 19 65 2 47 22 4 67 68 6 27 7 41 79 8 58 74 9 59 11 48 31 60 12 44 70 20 14 90 94 15 32 39 62 16 28 53 71 34 52 21 86 23 72 82 54 29 78 38 99 35 97 73 64 51 98 85 61
93 6
49 64
1 18
1 65
18 34
18 19
18 8
19 52
65 23
2 47
47 73
22 12
22 20
4 67
67 53
67 64
67 15
68 71
6 27
27 21
7 41
41 82
41 21
79 14
8 74
8 58
9 59
59 11
11 60
11 48
11 31
48 12
12 44
12 70
44 82
44 29
14 94
14 90
90 39
90 85
15 39
15 32
62 73
16 28
28 82
28 54
71 21
71 98
34 99
34 38
34 78
21 86
72 97
72 51
72 64
82 38
82 64
54 73
54 35
99 61