0 95 7 86 23 81 35 24 1 67 89 72 88 22 34 14 99 78 52 39 5 17 94 43 13 42 27 30 61 6 28 68 20 51 12 85 21 38 11 32 98 53 40 75 15 29 44 36 97 46 33 87 63 41 37 82 25 59
0 95
0 81
0 23
95 6
95 72
95 42
95 97
7 20
86 38
35 38
24 43
24 1
67 78
67 11
89 43
88 38
88 13
22 38
34 43
14 78
14 27
99 21
78 38
78 15
78 29
78 46
78 52
39 97
5 27
17 98
94 20
43 21
43 6
43 40
43 28
43 85
43 12
43 61
30 29
68 38
20 97
20 98
51 97
21 75
21 33
38 97
38 82
38 25
38 63
32 97
98 53
98 41
98 36
98 59
98 87
29 37
44 97