0 34 43 1 35 44 2 36 45 46 30 5 31 39 42 48 6 32 49 33 10 53 11 54 55 56 14 51 57 15 58 16 59 17 18 20 63 64 22 65 24 25 68 27 28 74 75 76 77 72 79 84 85 80 86 88 89 90 96 91 97
0 43
34 77
34 68
43 77
43 86
43 17
43 6
1 44
35 72
44 10
44 18
2 45
36 79
45 11
45 79
46 72
46 89
30 64
5 42
5 48
5 31
31 65
39 65
42 16
42 85
42 76
48 14
48 74
6 32
6 49
32 75
49 15
33 76
10 53
53 96
53 90
53 27
53 16
11 54
54 17
54 80
54 20
54 88
54 91
54 97
54 28
55 89
55 18
56 22
14 57
51 85
51 25
15 58
58 84
58 24
59 85
63 97
64 27
22 65
65 28