0 3 2 1 4 5 6 8 9 10 12 11 13 14 18 19 16 22 21 26 28 27 34 31 33 35 37 39 43 44 40 45 49 46 47 48 53 56 59 55 58 57 61 62 60 63 64 65 68 72 70 74 71 77 75 83 84 82 88 85 89 86 93 94 99 98
0 1
3 2
2 1
2 93
1 60
1 4
4 48
5 55
5 9
5 8
5 6
6 34
9 89
10 13
10 14
10 12
11 63
13 65
13 46
18 16
18 19
19 48
22 21
21 82
26 75
26 27
28 89
28 27
34 31
31 98
33 49
35 39
35 68
37 43
43 44
44 40
44 84
44 74
45 49
45 48
45 46
47 48
47 70
53 71
56 57
56 59
55 58
55 57
57 64
61 63
62 74
60 63
63 64
65 68
72 70
70 74
70 71
77 86
83 82
83 84
88 85
85 86
85 89
93 94
99 98