0 10 25 26 27 1 28 30 2 6 31 32 33 23 35 36 4 37 38 19 40 42 44 46 47 8 18 49 51 12 52 54 55 56 57 59 61 62 17 64 65 14 21 68 15 70 71 72 75 77 24 79 80 81 84 88 90 91 93 94 95 97 98
0 26
0 25
10 55
26 62
27 31
1 30
28 95
30 51
30 88
30 70
30 65
2 31
2 33
2 32
6 44
31 40
31 49
31 46
23 95
35 54
36 94
4 38
37 49
38 95
19 84
40 62
40 90
42 97
44 47
44 84
47 91
8 51
8 49
18 80
18 81
18 79
49 72
51 71
12 61
12 62
52 54
54 80
55 70
56 88
57 88
59 75
61 93
17 77
17 14
64 65
21 88
68 70
15 70
70 75
77 94
77 97
24 97
24 98
80 95
84 94
88 94
88 95