0 22 1 12 7 28 29 30 2 6 31 32 3 16 34 35 36 4 9 21 38 5 40 43 44 45 20 46 47 8 50 51 10 52 53 17 55 56 57 11 60 61 63 13 65 66 67 15 72 73 75 76 77 79 80 81 83 84 86 87 90 93 94 96 99
0 22
22 93
1 30
1 28
12 63
12 61
7 47
7 46
28 60
28 32
29 47
30 47
30 96
30 45
30 56
2 31
6 44
6 43
31 36
31 43
32 72
3 35
16 73
34 44
35 83
35 53
35 73
4 21
9 53
9 52
21 90
38 77
5 40
40 93
43 76
44 86
45 66
20 86
46 84
46 90
46 65
46 75
46 79
47 76
8 50
50 77
51 77
10 55
10 57
53 94
17 77
17 76
57 86
11 60
61 67
13 66
67 75
15 72
73 86
80 90
81 99
86 87
93 99
94 99