0 11 26 27 9 12 29 30 2 32 33 35 36 4 6 37 5 20 40 7 10 46 47 48 22 49 50 19 52 53 54 56 58 60 17 61 63 64 66 69 15 71 72 75 76 77 78 18 79 80 81 82 84 86 88 91 94 95 97 99
0 26
0 27
11 60
26 61
9 53
12 61
29 60
30 80
30 36
2 33
2 32
32 47
32 71
33 35
33 94
33 54
33 91
4 37
4 6
37 91
37 69
5 40
20 86
40 82
40 75
7 48
7 47
10 56
46 60
47 53
47 99
47 52
47 60
48 61
48 50
22 91
49 82
19 82
19 84
56 80
58 72
60 64
17 78
17 76
61 63
66 72
69 97
15 72
15 71
71 84
72 77
72 76
75 86
18 81
18 79
79 84
80 81
80 95
88 95