0 16 15 25 21 29 30 2 22 31 32 33 12 36 20 37 5 40 42 7 11 9 19 43 44 46 47 48 23 51 52 54 56 58 59 60 61 62 64 65 66 69 70 71 72 73 74 76 77 79 83 84 86 87 88 89 91 93 95 96 98 99
0 25
16 74
16 73
15 70
15 72
25 56
25 47
21 88
21 89
29 73
30 83
2 33
2 32
22 91
22 93
31 42
32 47
32 44
33 99
12 61
12 62
36 89
20 86
37 60
5 42
40 60
42 74
42 64
42 77
7 47
7 46
7 48
11 58
11 60
9 54
19 83
43 95
46 62
46 52
47 84
47 54
23 95
23 96
51 96
51 79
59 91
60 91
61 98
61 69
62 73
65 72
66 89
69 70
71 79
74 86
76 93
83 86
86 88
87 91
88 91
93 95