0 16 37 38 39 40 41 42 43 44 45 46 47 48 49 50 51 52 53 54 55 56 57 58 59 60 61 62 63 64 65 66 67 1 29 24 68 71 72 73 74 75 76 77 78 79 80 81 82 83 85 87 88 89 90 2 93 3 15 4 21 11 5 17 28 8 33 23 20 26 25
0 16
0 54
0 52
0 43
0 50
0 58
0 47
0 37
0 66
0 42
0 60
0 59
0 61
0 65
0 49
0 57
0 63
0 62
0 55
0 48
0 45
0 38
0 44
0 46
0 40
0 39
0 51
0 56
0 67
0 41
0 53
0 64
16 33
16 23
37 1
39 3
41 5
58 25
1 29
1 24
1 72
1 77
1 90
1 78
1 87
1 81
1 74
1 89
1 82
1 76
1 80
1 71
1 79
1 75
1 88
1 85
1 73
1 68
1 83
24 11
81 21
2 93
93 5
3 15
4 21
5 17
5 28
8 33
33 20
20 26