10 25 27 1 16 23 28 29 30 2 6 18 31 32 13 34 35 4 38 39 40 42 43 46 47 8 50 54 55 56 15 58 59 62 64 68 69 70 71 72 73 74 75 77 79 80 19 20 82 83 84 87 88 89 91 93 94 95 96
10 56
10 55
25 50
27 54
27 74
1 28
16 74
16 75
23 96
23 95
28 84
28 72
29 71
29 89
30 50
2 32
6 43
6 13
18 79
31 96
32 58
32 96
34 82
35 39
4 38
38 95
38 82
38 68
39 40
39 87
42 84
43 50
46 55
46 94
47 79
8 50
50 82
55 69
56 88
15 70
15 72
15 71
59 82
62 70
64 72
70 87
71 77
71 94
73 95
75 93
75 83
79 84
80 94
19 84
19 82
20 87
82 83
91 96