0 37 38 20 45 46 47 48 49 51 52 53 54 55 56 57 58 59 60 61 62 63 64 65 66 67 69 70 71 72 73 1 11 40 74 75 76 77 78 79 80 81 82 83 84 85 86 87 88 89 90 91 92 93 94 95 96 97 98 99 2 13 23 3 12 43 19 6 41 7 14 30 15 17 33 18 36
0 37
0 38
0 47
0 20
0 60
0 64
0 57
0 59
0 71
0 45
0 58
0 62
0 63
0 73
0 55
0 70
0 61
0 52
0 72
0 69
0 51
0 66
0 67
0 65
0 48
0 56
0 46
0 53
0 54
0 49
37 7
37 18
45 1
61 30
70 41
1 87
1 11
1 40
1 82
1 98
1 88
1 81
1 99
1 78
1 90
1 86
1 75
1 74
1 83
1 80
1 84
1 77
1 91
1 89
1 79
1 94
1 76
1 95
1 97
1 93
1 92
1 96
1 85
40 23
40 36
85 17
87 19
2 23
2 13
23 15
23 12
3 12
3 43
6 41
7 14
17 33