0 7 1 33 34 35 37 40 41 42 43 44 46 47 50 51 52 2 53 54 55 56 57 58 59 60 61 62 63 64 65 66 67 68 69 70 71 29 8 72 73 74 75 76 77 78 79 80 81 82 83 84 85 86 87 88 89 90 3 18 91 4 30 10 21 26 9 24 27 32 22 23
0 1
0 7
0 37
0 42
0 43
0 50
0 44
0 51
0 46
0 40
0 52
0 41
0 47
0 35
1 2
1 54
1 67
1 63
1 59
1 56
1 69
1 57
1 33
1 71
1 61
1 62
1 55
1 66
1 68
1 70
1 60
1 65
1 64
1 58
34 2
2 29
2 77
2 8
2 80
2 84
2 89
2 85
2 53
2 83
2 81
2 88
2 73
2 86
2 72
2 87
2 82
2 76
2 90
2 79
2 75
2 74
2 78
55 4
67 24
29 10
8 21
8 26
72 3
3 18
3 91
18 32
4 30
21 9
21 22
24 27
22 23