0 28 29 50 74 81 84 1 69 2 3 4 11 18 40 58 85 5 9 43 61 64 25 73 88 97 98 90 7 12 8 22 27 31 60 10 41 16 53 38 79 87 37 59 68 72 45 17 78 49 80 95 23 71 47 75 77 93 76
0 84
28 84
28 41
29 40
50 76
50 1
74 7
81 40
84 90
84 12
84 43
1 69
69 3
69 59
69 87
69 61
69 68
69 77
2 40
2 11
2 4
3 58
3 85
18 49
18 80
18 73
18 12
40 58
40 16
40 17
40 45
40 9
58 31
58 78
58 73
58 8
58 37
5 25
64 10
25 27
25 53
25 98
88 27
88 22
88 72
97 27
97 93
7 12
27 47
27 38
27 75
27 79
60 68
10 41
79 95
78 23
78 47
23 71