0 9 18 25 26 1 29 30 2 31 32 33 4 11 34 35 36 12 16 23 38 39 15 41 6 14 45 46 47 48 17 49 50 52 53 54 10 21 56 57 59 13 61 62 63 64 66 69 70 71 72 73 76 78 19 79 80 81 83 85 86 87 22 88 89 90 91 94 95 96 98
0 26
0 25
9 53
18 80
25 59
26 56
1 30
1 29
29 39
2 31
2 32
2 33
31 36
31 87
31 71
4 38
4 39
11 59
34 36
35 95
12 61
16 73
23 95
23 94
38 91
38 71
38 96
39 45
15 70
15 71
41 86
41 66
6 45
14 69
45 54
46 57
47 91
48 57
48 76
17 76
17 78
49 54
50 71
52 73
53 70
53 64
53 62
10 57
10 56
21 89
21 88
21 90
56 83
13 66
61 85
61 71
61 83
63 94
66 98
69 98
70 94
72 94
72 81
73 94
19 83
79 89
80 89
80 95
86 88
22 91