0 4 18 50 51 52 53 54 55 56 57 58 59 60 61 62 63 64 65 66 67 68 69 70 71 72 73 74 75 76 77 78 79 80 81 82 83 84 85 1 22 6 90 99 10 3 8 41 29 5 46 49 21 7 39 9 30 32 12 44 15 28 17 38 35 20 24 37 34
0 52
0 55
0 73
0 61
0 66
0 56
0 64
0 50
0 53
0 84
0 69
0 76
0 70
0 59
0 79
0 77
0 60
0 81
0 63
0 68
0 83
0 82
0 67
0 75
0 80
0 78
0 57
0 51
0 62
0 72
0 58
0 74
0 54
0 85
0 71
0 65
0 4
0 18
4 29
18 38
18 49
18 41
65 24
69 28
70 30
72 32
1 90
1 99
1 6
1 22
6 3
6 21
90 10
99 28
10 5
3 8
5 46
21 12
7 39
39 28
39 17
9 30
32 35
12 44
15 28
28 34
20 24
37 34