0 4 3 1 2 8 16 17 14 15 19 12 18 11 20 6 13 5 7 9 10 53 76 21 22 23 24 25 26 27 28 29 30 31 32 33 34 35 36 37 38 39 40 41 50 55 56 57 58 59 60 64 62 52 54 65 78 79 66 67 68 69 85 70 71 72 73 74 75 77 88 83 99 91 96 98 92 80 89
0 4
4 2
4 6
3 20
3 1
3 11
1 2
1 17
1 16
2 18
2 15
2 12
2 19
2 14
2 8
17 76
17 13
17 53
11 10
11 9
11 5
20 27
20 29
20 26
20 23
20 24
20 22
20 25
20 21
20 28
6 7
53 58
76 78
29 30
30 31
31 32
32 33
33 34
34 35
35 36
36 37
37 38
38 39
39 40
40 41
50 58
55 58
56 58
56 57
56 54
58 64
58 60
58 52
58 62
58 59
65 78
78 72
78 74
78 70
78 79
78 66
78 71
78 69
78 67
78 77
78 73
78 68
78 75
69 85
85 96
85 99
85 91
88 83
83 92
91 92
98 80
92 89
80 89