0 30 40 4 66 67 68 69 70 71 72 73 74 75 76 77 78 79 80 81 82 83 84 85 86 87 88 89 90 91 92 93 94 95 96 97 98 99 22 2 28 57 3 44 37 29 48 6 31 7 8 58 9 55 63 10 42 11 15 38 59 12 23 49 41 18 46 32 61 36 62 39 56
0 4
0 30
0 40
0 75
0 83
0 77
0 84
0 71
0 91
0 98
0 97
0 87
0 67
0 88
0 90
0 68
0 69
0 92
0 86
0 74
0 89
0 82
0 96
0 79
0 94
0 81
0 66
0 95
0 70
0 76
0 73
0 93
0 80
0 78
0 85
0 72
30 32
4 48
4 29
89 36
92 39
95 42
97 46
99 48
22 46
2 57
2 28
28 11
57 39
57 61
3 37
3 44
37 49
37 7
48 56
48 63
6 31
31 61
8 58
58 62
9 55
55 41
55 62
63 18
10 42
11 15
11 59
11 38
12 49
12 23
49 39
36 62