0 46 35 42 13 65 66 67 68 69 70 71 72 73 74 75 76 77 78 79 80 81 82 83 84 85 86 87 88 89 90 91 92 93 94 95 96 97 98 99 18 11 30 9 33 61 50 7 8 28 12 64 14 47 51 15 58 44 36 19 26 25 29 31 45 32 49 53 62
0 13
0 42
0 94
0 46
0 81
0 35
0 78
0 96
0 74
0 90
0 85
0 99
0 88
0 70
0 87
0 77
0 67
0 66
0 68
0 98
0 73
0 93
0 75
0 72
0 91
0 82
0 95
0 80
0 65
0 71
0 97
0 76
0 89
0 86
0 79
0 69
0 83
0 84
0 92
35 53
42 50
42 62
13 12
76 18
77 19
86 28
87 29
88 30
90 32
91 33
18 36
11 28
30 7
9 50
33 8
61 36
61 58
28 26
12 64
64 15
14 47
14 51
51 29
58 25
44 32
29 31
31 45
32 49