0 93 49 1 18 19 65 47 22 4 67 92 5 68 6 41 79 8 58 30 56 74 9 59 11 48 31 60 44 70 20 14 94 15 32 39 16 28 17 53 34 52 21 89 75 23 72 84 82 54 29 55 78 99 40 42 97 73 91 64 50 76 85
0 93
0 49
93 6
93 79
49 91
1 18
1 65
18 8
18 19
18 34
18 60
19 52
65 23
65 40
47 73
22 5
22 20
22 75
4 67
4 92
67 15
67 42
67 53
67 56
67 64
5 68
41 21
41 82
79 14
8 58
8 30
8 56
8 74
56 85
9 59
59 11
11 48
11 31
11 60
31 55
60 91
60 84
44 82
44 29
70 91
14 94
15 32
15 39
16 28
28 82
28 54
17 53
34 78
34 99
52 50
52 76
21 89
75 91
72 64
72 97
82 64
54 73