10 22 25 1 17 29 30 31 33 3 20 13 34 36 4 37 39 5 24 40 41 42 44 45 7 47 48 8 49 50 51 52 54 21 55 56 57 19 12 62 63 64 65 66 14 23 67 69 73 75 76 80 84 85 86 89 90 91 92 94 95 96 97 99
10 55
10 57
10 56
22 91
22 92
25 73
25 52
1 30
17 76
29 95
30 73
31 89
33 65
33 36
3 36
20 85
20 86
13 65
13 66
13 64
34 41
4 39
37 48
39 85
5 42
5 41
24 99
24 97
40 50
41 50
41 51
42 99
42 48
44 65
45 89
7 48
47 80
47 91
48 57
8 50
8 49
50 89
52 90
54 92
21 90
55 94
55 92
57 65
19 84
12 63
62 96
63 92
14 69
23 94
23 96
23 95
67 96
69 94
75 95
76 86
84 96
86 96
90 99