3 6 7 8 9 10 13 14 18 20 21 22 23 25 26 29 30 31 32 33 34 35 38 39 40 41 42 44 47 48 49 50 51 52 53 54 58 59 60 64 66 67 68 69 70 73 74 75 76 77 78 80 81 82 84 87 90 92 96 98
3 6
6 9
7 8
8 9
9 14
10 14
13 14
13 18
14 20
20 21
20 26
22 30
23 30
25 33
26 33
29 30
30 39
31 39
32 33
33 34
33 41
33 42
34 35
38 39
38 47
39 49
39 40
39 48
40 41
41 51
41 50
44 54
44 53
49 59
49 58
51 52
52 53
54 64
59 68
60 68
66 74
67 74
68 75
69 77
70 77
73 74
74 75
74 81
74 80
75 76
75 82
76 77
77 78
77 84
82 87
84 90
87 92
92 96
96 98