0 16 15 24 25 1 21 28 29 30 2 22 31 32 33 12 34 20 37 5 40 42 7 11 9 44 46 47 48 14 23 52 54 56 58 59 60 61 62 64 69 70 71 72 73 74 76 77 18 79 80 83 84 86 88 89 91 93 95 96 98
0 25
16 74
16 73
15 70
15 72
24 98
25 56
25 47
1 30
1 29
21 88
28 29
29 73
30 34
30 83
2 33
2 32
22 93
22 91
31 42
32 47
32 44
12 61
12 62
20 86
37 60
37 89
5 42
40 60
42 74
42 64
42 77
7 47
7 46
7 48
11 58
11 60
9 54
46 62
46 52
47 54
47 84
14 69
23 95
23 96
58 80
59 91
60 91
61 98
61 69
62 73
69 70
71 79
74 86
76 93
18 80
18 79
86 88
88 91
93 95