0 4 21 27 35 1 2 48 49 50 51 52 53 54 55 56 57 58 59 61 62 63 64 65 3 9 66 67 68 69 70 71 72 73 74 75 76 77 78 79 80 81 82 83 84 6 85 86 87 88 89 90 91 92 93 94 95 96 97 98 99 5 22 16 15 25 24 19 20 18
0 35
0 4
0 27
0 21
27 2
1 2
1 55
1 56
1 64
1 52
1 65
1 58
1 50
1 57
1 53
1 61
1 62
1 48
1 59
1 63
1 54
1 51
1 49
2 81
2 69
2 84
2 73
2 66
2 71
2 72
2 82
2 76
2 75
2 83
2 78
2 80
2 70
2 77
2 74
2 9
2 68
2 67
2 79
2 3
3 93
3 97
3 90
3 99
3 88
3 96
3 86
3 91
3 87
3 95
3 89
3 98
3 85
3 94
3 92
3 6
75 15
82 22
5 22
22 25
22 18
16 15
15 19
25 24
25 20