0 1 2 3 4 6 7 8 9 10 12 13 14 15 18 19 23 24 29 33 37 39 40 41 42 43 44 45 46 47 50 51 56 58 59 61 63 64 65 66 71 72 73 74 75 77 78 79 81 84 85 86 88 89 90 93 94 95 96 97 98
0 63
0 75
0 1
1 45
2 13
2 4
3 4
6 95
7 8
7 19
8 9
8 41
8 98
10 46
12 13
12 56
13 14
13 86
14 15
18 19
18 50
18 51
23 98
24 89
29 37
33 71
37 73
39 44
39 84
40 41
42 73
43 44
43 77
44 45
45 46
46 94
46 47
58 81
58 59
61 96
63 64
64 65
65 66
71 79
71 72
72 95
72 73
73 74
74 81
77 78
85 86
86 97
88 89
89 94
89 90
93 94
94 95
95 96
96 97
97 98