0 98 89 21 3 4 5 42 6 38 11 76 10 26 12 13 14 96 15 43 16 57 17 91 18 44 19 61 20 83 46 22 23 77 53 25 74 27 40 29 31 82 86 32 33 92 55 54 36 37 69 59 49 63 50 81 56 94 58 67 60 93 62 80 79 87 73 78 88 84 90
0 89
0 98
89 90
21 20
3 4
4 5
5 6
42 43
6 11
38 37
11 10
11 12
76 77
10 26
26 27
26 25
12 13
13 96
13 14
14 43
14 15
15 57
15 16
43 44
57 56
57 58
17 18
91 92
91 90
18 61
18 19
19 83
19 20
61 60
61 62
20 46
83 82
83 84
22 23
22 77
23 53
77 78
53 54
25 74
74 73
27 40
29 82
31 32
82 81
86 87
32 92
32 33
92 93
55 56
36 37
36 69
37 59
59 58
59 60
49 50
63 62
50 56
81 80
94 93
58 67
60 93
80 79
79 78
87 88
78 88