1 4 6 7 8 13 15 16 17 20 22 23 24 25 28 33 35 37 38 39 40 42 43 46 49 52 53 55 56 57 58 60 63 64 65 66 67 68 69 70 72 73 74 75 76 78 79 80 81 83 84 87 92 93 94 95 96 98
1 25
4 68
6 7
7 79
7 8
8 28
13 63
15 16
16 68
16 57
16 17
20 70
22 56
23 24
24 87
25 84
25 33
28 52
35 93
37 38
38 39
38 79
38 98
38 46
38 42
39 70
39 40
43 75
49 84
49 60
53 67
55 56
56 57
57 79
58 67
63 64
64 65
65 87
65 66
66 67
67 68
69 73
69 96
72 73
73 74
74 75
75 76
75 80
78 79
79 80
80 93
80 81
83 84
84 93
92 93
93 94
95 96