0 29 55 56 57 58 59 60 61 62 63 64 65 66 67 68 69 70 71 72 73 74 75 76 77 78 79 80 81 82 83 84 85 86 87 88 89 90 91 92 93 94 95 96 1 43 2 3 12 5 42 6 39 7 40 48 14 23 54 13 35 49 18 30 20 25 26 34 36 47
0 84
0 76
0 93
0 94
0 60
0 95
0 67
0 62
0 70
0 79
0 82
0 83
0 71
0 72
0 73
0 87
0 90
0 68
0 91
0 74
0 89
0 63
0 92
0 75
0 61
0 57
0 65
0 56
0 78
0 96
0 80
0 81
0 86
0 69
0 64
0 58
0 66
0 59
0 88
0 55
0 77
0 85
0 29
55 1
56 2
59 5
64 12
65 13
74 25
75 26
86 40
92 47
1 43
43 18
3 12
12 54
12 23
5 42
5 6
42 49
6 39
7 40
7 48
40 20
14 35
35 25
18 30
26 36
26 34