0 21 23 25 26 27 1 8 15 30 2 3 33 34 4 9 14 37 39 42 6 12 43 47 22 49 50 51 54 10 18 55 56 57 59 62 64 65 66 67 68 69 70 71 72 73 75 17 76 78 80 83 86 87 88 89 90 91 95 97 99
0 27
0 25
0 21
21 88
21 89
21 90
21 10
23 15
23 95
25 91
25 65
25 47
26 27
26 83
27 49
27 97
27 37
27 87
1 15
8 49
8 51
8 50
15 70
15 71
15 72
15 6
30 88
2 3
3 34
33 51
34 70
4 37
9 54
14 69
14 68
14 67
37 59
37 78
39 69
39 66
42 80
12 62
43 88
22 91
49 64
49 54
10 55
10 57
18 80
56 91
62 91
66 80
69 76
69 71
69 73
70 86
71 88
75 83
17 78
88 99