0 49 84 29 1 15 86 80 2 74 76 3 10 52 5 47 35 13 58 46 9 78 81 11 65 12 37 16 54 83 18 19 79 20 21 22 45 62 75 25 32 28 42 61 90 67 36 92 63 68 48 51 56 72 57 66 77 88 64 73 82 70
0 84
0 49
49 46
84 56
84 82
84 25
29 73
29 61
1 62
1 15
1 80
15 72
15 47
15 32
86 83
86 64
2 83
74 65
76 62
3 10
10 81
52 73
5 18
5 67
35 75
35 67
13 45
58 18
46 20
46 79
9 67
78 83
81 72
81 73
11 65
65 56
65 45
12 37
37 16
16 83
54 68
83 88
18 73
19 21
21 68
21 66
22 62
28 63
42 92
61 77
61 92
90 72
36 63
63 56
68 73
68 48
51 56
56 72
72 64
57 73
64 70