0 1 11 5 2 27 8 28 6 32 3 14 34 35 36 4 10 37 15 23 42 43 44 9 46 48 49 50 51 18 53 54 55 58 59 60 61 63 13 22 64 20 67 69 70 71 72 75 78 79 80 81 84 85 87 90 91 93 94 95 96 98
0 27
1 28
11 60
11 58
5 42
2 32
27 32
27 49
27 93
8 51
8 49
8 50
28 34
28 51
28 81
6 43
6 44
32 42
32 75
3 35
14 69
14 67
35 49
36 42
4 37
10 55
37 84
15 72
15 70
23 95
42 60
44 94
9 54
9 53
46 95
48 67
51 85
51 91
18 79
18 80
53 55
54 96
54 87
55 61
55 90
58 94
59 93
59 84
60 78
63 87
13 64
22 93
64 70
20 85
20 87
67 95
69 98
71 72
72 87
79 85
79 95