11 25 1 8 30 14 33 3 17 34 35 21 23 38 18 41 42 12 43 44 7 16 46 47 48 13 19 49 50 51 9 22 54 55 57 20 58 59 60 61 62 63 69 73 74 75 78 79 82 85 86 87 88 89 90 91 92 96 97
11 59
11 60
11 58
25 96
1 30
8 51
8 49
8 13
8 19
30 50
14 69
33 55
3 35
3 34
17 78
35 69
35 59
21 89
21 88
23 96
38 49
18 79
41 85
42 60
12 63
43 46
44 50
7 47
7 46
16 74
46 91
46 61
47 86
47 90
48 90
50 86
51 74
51 90
9 54
22 92
54 78
54 82
54 55
57 74
20 86
20 85
59 63
59 75
62 89
62 97
63 85
69 78
73 88
74 89
74 96
78 79
86 87
89 92