0 15 26 27 1 17 18 2 33 34 4 37 38 39 5 40 41 44 7 13 46 47 48 8 49 50 51 9 52 54 56 57 11 58 59 60 16 61 63 64 65 68 69 70 71 72 73 74 76 78 24 80 81 82 84 85 86 87 90 22 91 93 95 96 98
0 26
0 27
15 72
26 56
27 57
1 18
17 76
18 80
18 8
2 33
33 68
34 82
34 44
4 38
4 37
38 58
38 72
39 56
5 40
5 41
40 58
40 82
41 90
7 46
7 47
7 48
13 64
13 65
46 50
46 84
47 78
47 96
47 52
48 69
48 60
48 70
8 50
8 51
49 57
50 56
51 73
9 52
9 54
52 76
11 58
11 59
11 60
58 93
59 64
59 81
59 63
60 98
60 85
16 73
61 71
64 74
65 86
65 68
71 86
72 87
24 98
80 95
22 91
91 98