10 2 3 4 5 6 14 9 19 20 13 15 16 27 29 30 22 23 31 26 28 39 40 32 35 36 49 41 50 42 45 46 51 59 60 52 55 56 65 69 61 70 64 66 77 79 80 73 76 78 89 81 90 82 85 86 99 91 92 93 94 95 96 97 98
10 20
2 3
3 4
4 5
5 6
5 14
14 13
14 15
9 19
19 29
20 30
15 16
15 27
27 26
27 28
29 28
29 39
30 31
30 40
22 31
22 23
31 32
39 49
40 41
40 50
35 36
36 49
49 59
41 42
50 51
50 60
45 46
45 51
51 52
59 69
60 61
60 70
55 56
55 65
65 64
65 66
69 79
70 80
66 77
77 76
77 78
79 78
79 89
80 73
80 81
80 90
89 99
81 82
90 91
85 86
86 99
99 98
91 92
92 93
93 94
94 95
95 96
96 97
97 98