0 68 35 73 74 75 76 77 78 79 80 81 82 83 84 85 86 87 88 89 90 91 92 93 94 95 96 97 98 99 15 2 70 3 11 8 4 34 46 5 43 6 17 59 7 18 32 23 64 19 72 13 45 39 58 16 63 47 66 20 31 26 38 30 54 36 41 37 40 42 65 61
0 81
0 88
0 87
0 99
0 84
0 85
0 76
0 91
0 92
0 80
0 83
0 82
0 95
0 78
0 73
0 94
0 93
0 96
0 89
0 74
0 75
0 90
0 35
0 86
0 97
0 79
0 98
0 77
0 68
68 63
68 61
68 42
68 13
35 54
75 6
77 8
81 15
84 18
85 19
95 38
15 16
2 70
70 18
70 30
3 8
3 11
8 23
8 32
4 34
4 46
46 30
5 43
43 36
6 59
6 17
17 47
59 58
7 18
64 20
19 39
19 66
72 58
13 45
47 65
47 20
31 38
26 38
38 36
38 37
36 41
40 42