0 12 6 32 34 36 38 39 40 42 44 45 1 21 2 58 59 60 61 62 63 64 65 66 67 68 69 70 71 72 73 74 75 76 77 78 10 17 79 80 81 82 83 84 85 86 87 88 89 90 91 92 93 94 95 96 97 98 99 3 25 31 8 19 20 11 13 26 14 29 33
0 32
0 6
0 40
0 38
0 34
0 12
0 39
0 36
0 45
0 44
0 42
32 14
32 33
34 1
1 2
1 21
1 77
1 63
1 70
1 59
1 71
1 75
1 68
1 67
1 76
1 78
1 73
1 62
1 61
1 74
1 60
1 64
1 69
1 72
1 65
1 66
2 17
2 10
2 92
2 86
2 58
2 94
2 96
2 80
2 82
2 79
2 88
2 83
2 91
2 97
2 95
2 89
2 99
2 98
2 93
2 90
2 87
2 81
2 85
2 84
76 31
17 29
17 11
83 8
3 31
3 25
25 19
31 26
20 33
11 13