0 55 70 71 72 73 74 75 76 78 79 80 81 82 83 84 85 86 87 88 89 90 91 92 93 94 95 96 97 98 99 1 45 7 3 47 46 28 6 31 8 10 9 11 67 21 41 14 15 26 17 30 64 19 69 51 65 32 36 38 63 60
0 81
0 86
0 72
0 80
0 84
0 92
0 95
0 96
0 73
0 78
0 82
0 75
0 90
0 71
0 99
0 97
0 85
0 83
0 89
0 70
0 91
0 74
0 93
0 94
0 79
0 98
0 88
0 76
0 87
55 8
70 1
71 3
73 6
74 7
75 8
76 9
78 11
79 14
80 15
82 17
85 21
88 26
90 28
91 30
92 31
93 32
96 36
98 38
99 41
1 45
45 46
47 64
47 63
28 10
28 19
11 67
26 65
17 64
19 69
69 51
65 60