0 10 13 25 26 27 1 5 19 2 9 31 32 33 3 34 4 21 7 37 38 39 40 6 16 43 44 45 20 46 47 48 8 11 17 12 59 18 64 65 66 14 15 67 68 69 72 76 79 80 81 82 83 84 22 23 85 86 87 89 90 91 24 95
0 13
0 10
0 26
0 25
0 27
10 3
13 19
13 7
13 18
13 2
13 65
13 64
13 66
25 31
25 89
25 44
1 19
1 5
19 82
19 84
19 83
2 9
2 32
2 33
9 17
31 40
3 34
4 7
4 21
4 39
4 37
4 38
7 20
7 6
7 48
7 46
7 47
6 16
6 45
6 43
16 15
20 23
20 8
20 22
20 87
20 85
20 86
8 11
11 12
59 69
18 79
18 80
64 69
66 76
66 90
14 69
14 67
14 68
69 91
69 72
69 95
81 83
23 24