0 1 5 95 4 10 15 16 19 20 21 22 23 25 26 27 28 30 31 34 32 33 35 36 37 38 40 41 42 43 45 46 49 47 48 50 51 52 53 55 56 57 58 60 61 64 62 63 65 66 67 68 70 71 72 73 75 76 79 80 85 86 90 91
0 1
0 5
0 95
1 4
5 10
95 90
10 15
15 16
15 20
16 19
20 21
20 22
20 23
20 25
25 26
25 27
25 28
25 30
30 31
30 32
30 33
30 35
31 34
35 36
35 37
35 38
35 40
40 41
40 42
40 43
40 45
45 46
45 47
45 48
45 50
46 49
50 51
50 52
50 53
50 55
55 56
55 57
55 58
55 60
60 61
60 62
60 63
60 65
61 64
65 66
65 67
65 68
65 70
70 71
70 72
70 73
70 75
75 76
75 80
76 79
80 85
85 86
90 91