0 41 40 52 53 54 55 56 57 58 59 60 61 62 63 64 65 66 67 68 69 70 71 72 73 74 75 76 77 78 79 80 81 82 83 84 85 1 31 51 86 2 15 4 7 6 32 11 18 44 24 8 50 9 13 10 14 17 38 20 21 42 22 49 43
0 41
0 40
0 52
0 53
0 54
0 55
0 56
0 57
0 58
0 59
0 60
0 61
0 62
0 63
0 64
0 65
0 66
0 67
0 68
0 69
0 70
0 71
0 72
0 73
0 74
0 75
0 76
0 77
0 78
0 79
0 80
0 81
0 82
0 83
0 84
0 85
40 20
52 1
55 7
63 21
76 38
1 31
1 51
1 86
86 2
15 9
4 7
7 6
7 18
7 44
7 24
6 32
6 11
24 10
8 50
50 10
9 13
13 10
13 14
14 17
38 22
38 43
21 42
49 43