0 25 26 27 1 21 28 29 9 3 31 33 34 35 36 4 37 38 39 41 42 6 44 46 8 14 50 10 52 53 55 56 57 22 58 17 61 63 13 65 67 69 19 23 70 71 73 74 76 77 78 18 82 83 85 86 87 88 89 92 94 95 97 99
0 26
25 29
26 29
26 73
27 56
1 29
21 88
21 89
28 77
29 35
29 83
9 52
3 36
3 34
3 35
31 63
33 34
34 88
34 42
35 44
36 38
36 67
4 39
4 38
37 46
38 65
38 95
38 87
41 99
42 76
6 44
44 74
46 70
8 14
14 69
50 77
10 56
10 55
10 57
52 76
52 86
52 53
52 58
56 77
22 92
22 18
17 76
17 77
61 88
61 69
63 71
63 99
13 65
69 71
69 97
19 83
23 94
70 85
76 82
77 92
78 92
83 85
86 94