0 1 36 44 45 46 47 48 49 50 51 52 53 54 55 56 57 58 59 60 61 62 63 64 65 66 67 68 69 70 71 72 73 74 75 76 77 78 79 80 81 82 83 84 85 86 87 88 89 90 91 92 93 94 95 96 97 98 2 15 3 4 43 5 26 6 35 8 18 12 9 42 10 38 16 23 17 19 28 32
0 1
0 79
0 56
0 57
0 36
0 65
0 68
0 59
0 75
0 46
0 62
0 80
0 72
0 74
0 73
0 78
0 67
0 47
0 61
0 50
0 71
0 70
0 53
0 66
0 48
0 44
0 58
0 52
0 54
0 69
0 49
0 76
0 63
0 60
0 51
0 64
0 55
0 81
0 77
0 45
1 96
1 95
1 91
1 85
1 92
1 89
1 83
1 88
1 82
1 90
1 84
1 98
1 97
1 93
1 86
1 94
1 87
36 3
36 26
49 6
77 38
81 42
86 8
94 17
2 15
15 6
3 4
4 43
5 26
6 35
8 12
8 18
18 19
18 10
9 42
42 23
42 32
16 23
28 32