1 32 2 3 19 4 5 20 21 6 7 8 9 24 10 11 13 25 36 38 14 39 17 26 18 23 27 22 28 29 30 43 44 42 52 47 48 49 50 51 55 57 58 59 60 63 61 62 64 69 66 75 67 79 78 76 72 74 77 83 73 84 86 88 95 92
1 2
32 30
2 3
3 4
3 59
19 18
4 21
4 5
4 20
5 60
5 7
5 6
5 8
20 18
7 58
8 9
8 24
24 25
24 10
10 13
11 36
11 13
11 38
13 14
36 39
38 52
39 48
17 18
26 28
26 27
26 29
26 18
18 23
18 22
29 44
29 43
29 30
43 42
47 48
48 49
49 50
50 51
55 58
57 58
60 61
60 62
63 64
62 64
64 69
69 75
66 67
75 84
75 88
67 72
67 74
79 78
79 95
78 72
78 76
76 77
72 73
74 83
73 84
84 86
95 92