80 58 14 55 7 83 86 94 42 12 47 36 50 44 82 59 63 0 74 39 48 41 19 89 30 23 37 97 67 33 27 61 10 54 43 60 65 8 70 68 34 71 13 21 72 15 98 95 25 17 31 2 96 77 53 69 75 22 84 29 45
80 58
80 94
80 82
58 42
58 10
14 42
14 61
14 71
14 68
14 84
14 43
14 55
55 37
7 37
7 19
83 37
83 8
83 17
86 37
42 39
42 33
42 96
42 59
42 72
42 45
12 10
47 50
47 36
36 29
50 34
50 75
50 53
50 68
50 30
50 15
44 82
82 54
59 89
59 60
59 63
0 33
0 74
74 98
48 13
41 21
89 77
23 97
37 21
37 97
37 31
67 33
67 13
27 65
10 69
10 25
60 2
65 71
70 68
71 22
13 95