0 1 2 3 4 5 6 7 8 10 11 14 15 16 17 18 19 20 21 23 26 27 28 30 31 32 33 34 35 36 37 40 41 42 45 46 47 50 51 52 55 56 57 58 59 60 61 62 63 64 66 67 68 69 70 71 72 73 74 75 76 77 78 80 81 82 83 84 85 87 88 90 92 93 94 95 96 98 99
0 3
0 8
0 1
1 31
1 2
3 4
4 88
4 5
5 67
5 6
6 7
6 64
10 40
10 11
10 92
14 15
15 16
16 17
17 18
18 19
18 23
19 20
20 60
20 21
26 71
26 27
27 28
30 31
31 32
32 84
33 72
34 60
34 35
35 36
36 37
40 41
41 42
41 82
42 51
45 90
45 46
46 47
50 90
50 51
51 52
55 56
56 57
57 58
58 59
59 60
60 66
60 61
61 72
61 62
63 64
66 67
67 77
67 68
69 70
70 71
71 72
72 99
72 73
74 75
75 76
76 77
77 78
80 81
81 82
82 83
83 84
84 85
87 88
92 93
93 94
94 95
95 96
98 99