0 37 20 59 60 61 62 63 64 65 66 67 68 69 70 71 72 73 74 75 76 77 78 79 80 81 82 83 84 85 86 87 88 89 90 91 92 93 94 95 96 97 98 99 1 45 31 30 3 19 4 15 5 34 9 32 50 10 40 52 57 11 41 47 29 14 18 55 54 33 25 22 38 39 36 58
0 20
0 61
0 97
0 37
0 68
0 86
0 84
0 66
0 81
0 72
0 88
0 70
0 96
0 73
0 59
0 77
0 80
0 91
0 62
0 85
0 82
0 92
0 95
0 93
0 60
0 75
0 71
0 67
0 69
0 78
0 87
0 65
0 76
0 90
0 63
0 89
0 79
0 83
0 74
0 94
0 98
0 64
0 99
37 5
20 10
20 25
59 1
79 30
82 33
1 31
1 45
30 58
30 15
30 36
3 19
19 33
4 15
15 55
34 11
9 50
32 14
50 10
10 40
10 57
10 52
40 18
40 22
52 39
57 11
11 41
11 47
11 29
14 18
55 54
38 36