1 11 2 22 12 21 3 23 33 32 4 24 34 43 42 41 40 44 94 95 59 5 52 74 75 47 57 55 8 6 29 39 18 27 37 98 99 88 89 97 77 79 87 78 68 67 66 76 86 85 65 58 90 91 92 70 81 72 93 84 82 83 51 61 71 63 64 53 73 62
1 11
1 2
11 22
2 3
22 12
22 21
22 23
22 33
22 32
3 4
23 24
32 42
4 5
24 34
34 44
43 42
42 41
42 52
41 40
94 95
94 93
94 84
59 58
5 6
52 51
52 53
52 62
74 75
74 84
74 64
74 73
75 76
75 85
75 65
47 57
47 37
57 67
57 58
55 65
8 18
29 27
29 39
18 27
27 37
98 99
98 88
98 97
88 77
88 89
77 87
77 78
77 67
77 66
77 76
79 78
87 86
78 68
90 91
91 92
91 81
70 71
81 72
72 63
72 71
72 73
72 62
72 82
84 83
61 71