0 30 36 37 34 44 45 46 47 48 49 50 51 52 53 54 55 56 57 58 59 60 61 62 63 64 65 66 67 68 69 70 71 72 73 74 1 15 76 88 31 22 4 23 43 5 10 6 25 17 33 26 9 14 12 35 42 27 18 41 19 24
0 34
0 36
0 30
0 55
0 37
0 70
0 50
0 49
0 46
0 64
0 45
0 66
0 72
0 53
0 58
0 69
0 73
0 59
0 67
0 48
0 63
0 71
0 54
0 57
0 56
0 44
0 62
0 51
0 68
0 47
0 74
0 52
0 60
0 65
0 61
34 17
34 43
55 14
59 19
66 33
1 15
15 23
76 4
88 17
31 22
22 42
4 23
4 43
23 42
5 10
10 14
6 17
25 19
17 27
17 9
17 35
26 14
12 35
42 24
18 19
18 41