2 3 4 10 12 13 16 6 7 11 15 18 21 27 25 19 32 22 33 20 34 35 39 41 40 38 44 45 46 48 51 47 49 50 52 61 53 55 56 59 57 58 65 66 63 62 64 67 68 73 70 69 72 71 76 77 81 88 79 83 85 89 86 91 99 90 93 94
2 3
3 10
4 12
10 13
10 6
10 11
12 16
12 13
12 18
13 21
6 7
11 15
15 25
15 27
18 19
18 32
19 20
19 33
19 22
33 35
33 34
34 39
35 41
39 38
41 44
41 40
44 45
45 46
45 48
45 51
46 47
51 49
49 50
50 52
52 55
52 53
52 61
55 56
55 59
59 65
59 58
57 58
65 64
65 68
65 66
65 67
63 62
62 64
67 73
73 77
73 72
73 69
70 76
71 77
76 88
76 81
77 88
77 79
88 89
83 85
85 89
89 99
89 86
86 91
91 90
90 93
93 94