0 34 43 1 35 44 2 36 45 3 40 46 4 30 41 5 31 39 42 48 7 33 8 9 10 53 11 54 12 55 13 56 14 51 15 52 58 16 59 17 18 19 20 21 64 22 65 66 24 61 69 27 29 70 76 72 78 85 81 87 89 93 90 96 97 92 98 99
0 34
0 43
34 8
1 44
1 35
35 9
35 61
35 69
35 72
44 7
44 10
44 18
44 70
44 78
44 81
44 87
2 45
2 36
45 8
45 11
45 19
3 46
3 40
40 14
46 9
4 30
4 41
30 64
41 15
5 31
5 42
5 48
31 65
39 65
42 16
42 76
42 85
33 76
10 53
53 16
53 27
53 90
53 96
11 54
54 17
54 20
54 97
12 55
55 18
55 21
55 29
55 89
55 92
55 98
13 56
56 19
56 22
56 93
56 99
14 51
15 52
15 58
58 24
16 59
21 64
22 65
66 29