0 30 36 37 34 44 45 46 47 48 49 50 51 52 53 54 55 56 57 58 59 60 61 62 63 64 65 66 67 68 69 70 71 72 73 74 1 15 75 76 77 78 79 81 82 83 84 85 86 87 88 89 90 91 92 93 94 95 96 97 98 99 31 22 4 5 10 6 25 17 7 33 8 9 12 35 42 18 41 19 24
0 30
0 36
0 37
0 34
0 44
0 45
0 46
0 47
0 48
0 49
0 50
0 51
0 52
0 53
0 54
0 55
0 56
0 57
0 58
0 59
0 60
0 61
0 62
0 63
0 64
0 65
0 66
0 67
0 68
0 69
0 70
0 71
0 72
0 73
0 74
44 1
46 4
47 5
62 25
1 15
1 75
1 76
1 77
1 78
1 79
1 81
1 82
1 83
1 84
1 85
1 86
1 87
1 88
1 89
1 90
1 91
1 92
1 93
1 94
1 95
1 96
1 97
1 98
1 99
92 22
31 22
22 8
22 42
5 10
6 25
6 17
25 19
17 9
17 35
7 8
7 33
12 35
42 24
18 19
18 41