0 5 16 25 26 27 1 21 29 2 9 3 7 34 36 4 11 37 38 39 12 40 6 43 44 45 46 47 48 8 14 10 52 22 58 59 60 17 13 64 65 66 67 68 69 15 23 70 71 72 73 74 75 76 77 18 81 84 20 24 87 90 91 92 93 95
0 16
0 5
0 25
0 26
0 27
5 12
16 6
16 11
16 13
16 14
16 73
16 74
16 75
1 21
1 29
21 13
2 9
2 3
9 10
9 52
3 7
3 34
3 36
7 11
7 46
7 48
4 11
4 39
4 37
4 38
11 22
11 58
11 59
11 60
37 84
37 95
38 87
38 65
39 47
39 40
39 64
39 90
12 17
6 43
6 44
6 45
46 66
46 81
46 70
8 14
14 67
14 68
14 69
52 76
22 18
22 20
22 91
22 92
22 93
17 77
15 23
15 70
15 71
15 72
20 24