0 14 22 62 63 64 65 66 67 68 69 70 71 72 73 74 75 76 77 78 79 80 81 82 83 84 85 86 87 88 89 90 91 92 93 94 95 96 97 98 99 25 40 3 48 44 4 38 5 15 39 52 7 6 29 61 42 9 59 30 54 34 45 47 50 53 24 46 37 41 35 60
0 14
0 22
0 62
0 63
0 64
0 65
0 66
0 67
0 68
0 69
0 70
0 71
0 72
0 73
0 74
0 75
0 76
0 77
0 78
0 79
0 80
0 81
0 82
0 83
0 84
0 85
0 86
0 87
0 88
0 89
0 90
0 91
0 92
0 93
0 94
0 95
0 96
0 97
0 98
0 99
14 38
14 54
14 34
66 5
81 24
92 40
94 42
96 44
97 45
98 46
25 5
25 6
25 50
3 44
3 48
48 41
44 35
44 53
4 38
5 15
5 39
5 52
5 7
7 61
6 29
61 9
59 34
30 37
45 60
47 35
37 35