0 1 2 5 4 3 26 27 28 13 29 40 30 35 36 37 16 14 12 7 6 11 8 9 10 15 21 20 23 32 17 18 42 41 46 47 51 55 52 53 56 54 58 60 61 73 57 70 59 68 62 67 69 66 63 64 65 71 72 75
0 6
0 1
0 3
1 2
1 26
2 5
5 4
5 13
5 12
27 28
28 13
28 29
13 16
13 14
29 30
29 40
30 35
35 36
36 37
14 15
12 11
12 65
7 6
6 8
6 9
6 55
9 17
10 15
15 21
15 75
21 20
21 23
20 32
17 18
17 46
18 41
42 41
46 47
51 52
51 75
55 54
53 56
56 73
56 57
54 58
54 61
58 59
60 59
61 66
57 59
57 70
59 68
59 62
62 63
62 64
67 66
69 71
66 71
71 72