0 36 23 61 62 63 64 65 66 67 68 69 70 71 72 73 74 75 76 77 78 79 80 81 82 83 84 85 86 87 88 89 90 91 92 93 94 95 96 97 98 99 1 54 2 13 3 41 8 4 9 5 11 6 12 53 22 59 15 31 19 16 17 18 56 52 20 34 43 21 50 24 25 29 57 58
0 36
0 23
0 61
0 62
0 63
0 64
0 65
0 66
0 67
0 68
0 69
0 70
0 71
0 72
0 73
0 74
0 75
0 76
0 77
0 78
0 79
0 80
0 81
0 82
0 83
0 84
0 85
0 86
0 87
0 88
0 89
0 90
0 91
0 92
0 93
0 94
0 95
0 96
0 97
0 98
0 99
23 54
62 3
68 12
75 20
99 59
1 54
54 19
54 57
54 56
2 13
13 15
3 41
3 8
41 6
4 9
9 53
5 11
11 59
53 17
22 20
59 25
59 29
15 19
15 31
31 16
19 17
19 52
18 56
52 58
20 34
20 43
43 21
21 50
21 24