0 5 24 25 26 27 1 16 28 29 30 2 31 32 33 3 34 35 36 4 11 39 40 41 42 6 14 7 21 8 13 49 50 51 52 53 54 10 22 19 12 17 20 18 64 65 66 67 69 15 23 73 74 75 82 83 84 85 94 97 98 99
0 5
0 24
0 25
0 26
0 27
5 2
5 3
5 40
5 41
5 42
24 1
24 98
24 99
1 16
1 28
1 29
1 30
16 8
16 73
16 74
16 75
2 31
2 32
33 35
3 35
3 34
35 53
35 85
35 94
35 97
35 83
36 75
4 11
11 12
39 75
6 14
14 8
14 67
14 69
7 21
21 22
8 13
8 49
8 50
8 51
13 20
13 18
13 64
13 65
13 66
52 83
54 84
10 22
10 19
19 23
19 82
19 83
19 84
12 17
17 15
17 18