0 7 4 25 26 27 1 28 29 30 2 17 23 22 31 32 33 3 13 35 5 39 12 42 6 15 8 44 46 47 48 24 50 51 9 52 53 54 10 21 55 56 11 20 59 63 64 65 66 14 18 69 70 16 19 88 90 91 92 93 97 98 99
0 27
0 7
0 4
0 25
7 48
7 1
7 46
7 47
4 5
25 51
25 35
26 48
27 39
1 28
1 29
30 93
2 22
2 17
2 23
2 31
2 32
2 33
17 19
22 9
22 10
22 24
22 91
22 92
22 93
3 13
13 12
13 20
13 24
13 64
13 65
13 66
5 42
6 15
6 8
8 24
8 50
44 48
46 69
46 88
46 53
48 59
48 63
48 92
48 70
24 16
24 97
24 98
24 99
9 52
9 54
10 21
10 55
10 56
11 20
14 18
18 19
90 93