0 2 1 4 5 21 88 3 76 7 9 10 92 11 48 6 90 8 16 49 12 95 14 51 13 17 50 91 19 22 75 15 23 96 18 28 26 27 45 93 55 43 53 25 42 46 35 39 31 40 58 32 80 29 30 74 77 33 34 94 64 36 37 59 71 47 60 61 62 89 73 72 67 63 57 78 98 84 70 87 97
0 2
2 3
2 4
1 4
1 5
1 21
1 88
4 11
4 48
5 6
5 90
21 14
21 43
88 55
3 7
3 9
3 10
3 76
3 92
9 95
11 51
48 89
6 8
6 16
8 12
8 49
12 50
12 91
13 19
13 75
17 18
17 28
50 73
19 55
19 15
19 23
22 55
22 45
22 53
15 96
23 25
96 67
96 71
96 97
18 26
18 27
18 45
18 93
28 29
28 30
26 31
26 40
26 58
27 32
27 80
55 46
55 60
55 63
25 35
25 39
42 47
46 47
35 36
35 37
31 77
32 33
32 34
32 94
30 74
34 64
64 84
36 59
59 78
47 61
47 62
62 98
72 84
67 57
98 87
70 87