0 1 6 7 2 8 3 4 5 10 11 12 9 14 20 13 15 18 19 21 22 23 17 16 24 26 29 25 31 34 35 28 27 33 32 30 36 37 42 43 44 39 38 41 40 46 47 48 45 95 52 51 50 49 53 54 56 57 58 55 75 63 60 61 62 64 68 73 72 67 98 76 82 86 90 87 91 92 80 83 84
0 6
1 6
6 7
6 12
2 8
8 9
8 14
3 4
4 5
4 10
4 11
4 9
11 16
11 49
12 13
14 20
20 13
20 15
13 18
13 19
13 26
19 24
21 22
22 29
22 23
22 17
22 16
24 25
24 31
24 30
26 33
26 32
29 34
29 35
29 28
29 51
29 50
34 41
27 33
30 36
36 37
36 42
36 43
37 44
44 38
44 95
39 46
41 46
41 52
40 46
46 47
46 48
46 45
50 56
53 56
54 58
56 58
56 55
56 63
57 58
58 75
55 87
63 60
60 61
60 64
61 62
62 98
64 68
64 67
73 72
73 76
72 67
98 86
82 86
86 90
87 91
87 84
91 92
80 83
83 84