2 4 7 9 11 14 16 18 21 23 25 28 30 32 35 36 37 38 39 40 41 42 43 44 45 46 47 48 49 50 51 52 53 54 55 56 57 58 59 60 61 62 63 64 65 66 67 68 69 70 71 72 73 74 75 76 77 78 79 80 81 82 83 84 86 88 91 93 97 98
2 4
4 7
7 9
9 11
11 14
14 16
16 18
18 21
21 23
23 25
25 28
28 30
30 32
32 35
35 36
35 37
35 38
37 39
37 40
37 41
39 42
42 43
42 44
42 45
44 46
44 47
44 48
46 49
49 50
49 51
49 52
51 53
51 54
51 55
53 56
56 57
56 58
56 59
58 60
58 61
58 62
60 63
63 64
63 65
63 66
65 67
65 68
65 69
67 70
70 71
70 72
70 73
72 74
72 75
72 76
74 77
77 78
77 79
77 80
79 81
79 82
79 83
81 84
84 86
86 88
88 91
91 93
93 97
97 98