0 19 12 25 26 27 1 20 15 30 2 21 9 31 32 33 3 5 4 14 13 37 39 7 24 6 18 48 8 49 50 51 11 52 53 54 10 23 56 57 59 17 61 62 63 64 65 66 70 71 72 74 22 76 77 78 79 80 81 82 87 90 91 97 99
0 12
0 25
0 26
0 27
19 9
19 82
12 8
12 17
12 61
12 62
12 63
25 57
25 87
25 74
1 20
1 15
1 30
15 13
15 70
15 71
15 72
2 9
2 21
2 31
2 32
2 33
9 11
9 13
9 52
9 53
9 54
3 5
5 7
5 24
4 13
4 14
4 37
4 39
13 10
13 64
13 65
13 66
7 18
24 99
6 18
18 17
18 79
18 80
18 81
48 62
8 49
8 50
8 51
52 56
52 59
54 62
10 23
17 22
17 76
17 77
17 78
62 97
62 90
22 91