0 49 84 29 1 15 86 2 74 44 4 52 5 47 6 53 35 13 41 8 46 78 81 11 65 12 26 85 83 17 19 79 20 21 31 22 45 23 71 24 75 25 28 33 67 91 36 92 63 39 68 55 56 72 66 77 88 64 73 69
0 49
0 84
0 29
0 5
49 46
1 15
15 47
86 83
2 83
74 65
44 36
44 41
44 21
44 68
44 65
44 77
4 52
52 91
52 64
5 83
5 67
47 46
6 35
53 25
35 91
35 75
13 45
8 46
46 20
46 79
46 23
46 71
78 83
81 91
81 73
81 72
11 65
65 45
65 91
65 25
65 56
12 26
26 21
85 75
83 55
83 88
17 88
19 21
79 91
79 24
79 33
21 31
21 66
22 45
75 69
25 63
28 63
91 39
36 92