29 3 15 95 7 82 20 10 8 89 58 87 26 96 73 61 85 63 36 33 6 48 94 34 21 98 2 97 54 22 75 30 19 24 80 77 17 40 50 91 53 38 13 16 12 41 27 4 92 9 31 71 23 35 99 93 11 62 90 74 60 59 79
29 3
29 50
29 85
29 11
3 36
3 26
3 74
3 40
15 95
95 96
95 54
95 2
95 27
95 79
7 82
82 41
82 35
82 89
82 74
20 10
10 93
8 89
58 12
58 30
87 27
26 2
26 93
26 62
73 21
61 85
63 36
63 22
36 33
36 4
36 13
36 80
33 17
6 48
48 2
48 94
48 59
34 80
21 38
98 2
2 92
2 77
97 54
22 75
19 24
24 77
24 9
24 53
80 90
77 12
77 31
40 38
91 93
38 60
16 12
12 71
4 23
99 93