0 3 25 1 4 11 31 33 18 35 7 12 9 37 38 39 5 8 6 44 45 22 49 50 51 10 52 53 54 55 56 57 13 64 65 14 20 16 67 68 69 15 70 72 24 73 17 19 76 77 78 79 80 21 88 90 23 91 92 93 94 95 96 98
0 3
3 4
3 11
3 18
25 77
1 4
4 7
4 12
4 9
4 37
4 38
4 39
31 88
33 52
18 13
18 80
35 88
9 22
9 6
9 10
9 53
9 54
5 8
8 22
8 49
8 50
8 51
44 76
45 77
45 65
22 14
22 15
22 23
22 91
22 92
22 93
49 94
49 96
10 57
10 55
10 56
52 88
52 77
57 76
64 88
14 20
14 16
14 67
14 68
14 69
16 24
15 70
15 72
73 88
17 77
17 19
17 78
77 79
21 88
21 90
88 92
88 98
23 95