0 45 1 94 37 61 65 4 23 12 53 73 89 35 2 77 95 22 68 80 18 46 13 33 85 96 34 54 19 44 67 9 17 63 81 6 14 91 60 26 32 72 98 10 7 87 42 48 66 11 36 47 30 70 41 97 50 38 25 75
0 45
0 80
0 10
0 42
0 30
0 12
0 89
45 73
1 94
94 35
94 67
94 60
94 72
94 13
37 61
37 98
37 6
37 67
37 75
37 87
37 10
37 22
37 17
65 19
65 2
4 17
4 23
23 96
23 25
12 53
73 91
73 50
73 41
73 14
89 11
35 7
77 7
95 7
68 17
68 9
18 17
46 6
33 7
33 26
33 32
33 47
85 7
34 17
34 54
19 44
19 63
19 67
17 66
63 81
6 38
10 97
7 48
7 70
7 36