54 41 90 27 35 69 48 64 96 11 52 14 97 85 10 57 50 75 78 28 15 91 2 36 40 45 17 23 86 60 20 80 65 59 1 9 13 61 74 43 62 44 37 67 0 66 79 42 21 4 33 3 92 49 87 26 72 58 38 39 84 6 46
54 90
54 15
54 86
41 90
90 27
90 48
90 14
90 11
90 69
90 40
90 36
90 35
90 1
90 23
90 78
90 20
90 52
90 61
27 96
27 64
27 57
27 2
27 67
27 91
69 10
69 50
69 97
69 65
69 49
48 43
48 9
48 6
64 59
96 85
96 75
96 17
96 60
11 21
52 79
52 92
85 66
85 58
10 26
57 28
75 62
75 37
75 3
75 33
78 0
78 84
36 45
36 72
17 80
23 42
86 38
80 13
61 74
61 87
44 0
44 4
4 46
87 39