0 1 2 3 4 5 6 7 8 9 10 11 12 13 14 15 16 17 18 19 20 21 22 23 24 25 26 27 28 29 30 34 36 37 38 39 41 42 43 45 46 47 48 49 53 55 58 61 65 66 68 69 71 72 73 76 82 86 88 91 93 94 95 96 97 98
0 1
1 2
1 45
2 3
2 13
2 4
3 53
3 26
4 5
4 49
5 6
5 93
6 7
6 15
6 95
7 8
7 19
7 68
8 9
8 98
8 41
9 10
9 82
9 88
10 11
10 69
10 46
11 12
11 34
13 14
13 86
14 91
14 48
15 16
15 47
16 17
16 65
17 18
19 20
19 36
20 21
20 55
21 22
22 23
23 24
24 25
26 27
26 61
27 28
28 29
28 76
29 30
29 37
34 58
37 38
37 73
38 39
41 42
42 43
42 72
65 66
71 72
94 95
95 96
97 98