0 57 95 68 55 1 54 84 10 66 2 90 30 5 37 65 92 80 7 18 52 4 31 39 69 77 29 12 58 75 6 20 33 74 73 47 16 48 11 28 86 64 19 35 56 85 17 71 99 21 43 26 59 93 62 25 51 27 50 87 46 88 81 42 94 98 53 89 97
0 57
0 95
57 33
57 85
95 50
95 68
95 88
55 80
1 84
1 54
1 10
54 56
84 5
84 11
84 53
84 86
84 87
10 48
66 6
66 26
2 90
2 30
2 5
2 37
2 65
2 92
2 80
90 52
5 77
5 29
5 12
5 58
5 75
65 17
65 94
92 19
80 18
80 33
80 42
80 97
80 89
7 6
18 28
18 71
4 31
4 39
4 69
31 27
69 6
6 20
6 33
6 74
6 73
33 46
74 81
47 62
16 85
64 26
35 43
85 93
99 89
21 26
21 43
21 59
43 98
26 25
26 51
62 27