0 13 19 31 46 70 71 81 83 86 92 1 52 56 2 10 34 40 74 76 3 69 4 79 96 5 8 35 6 28 7 84 48 57 59 9 11 55 30 68 82 50 25 38 67 15 16 33 73 29 20 85 51 98 49 26 58 90 95 54 61 87 43 39 93 89
0 13
0 19
0 31
0 46
0 70
0 71
0 81
0 83
0 86
0 92
13 38
46 34
46 96
92 3
92 8
92 39
92 73
92 93
1 52
1 56
52 20
52 58
52 73
52 76
56 57
56 85
2 34
2 74
2 10
34 9
34 16
34 30
34 40
34 51
34 54
34 61
34 79
34 84
34 87
34 98
40 15
40 35
40 50
74 7
74 26
74 55
74 68
74 69
74 90
76 49
4 96
5 8
8 48
35 43
6 28
28 48
57 29
59 38
11 68
11 82
68 25
68 67
68 95
33 95
49 89