2 3 10 12 13 6 7 11 15 18 27 25 19 32 33 34 39 41 42 38 43 44 45 46 48 51 47 49 50 52 61 53 55 56 59 57 58 60 65 66 63 62 64 67 68 73 70 69 72 71 76 77 78 81 88 79 84 83 85 87 89 86 91 99 90 93 94 97 98
2 3
3 10
10 6
10 11
10 13
12 13
12 18
6 7
11 15
15 27
15 25
18 19
18 32
19 33
33 34
34 39
39 42
39 38
41 44
42 43
43 44
44 45
45 46
45 48
45 51
46 47
51 49
49 50
50 52
52 61
52 53
52 55
55 56
55 59
59 65
59 58
57 58
58 60
65 64
65 67
65 66
65 68
63 62
62 64
67 73
73 69
73 72
73 77
73 78
70 76
71 77
76 88
76 81
77 88
77 79
88 85
88 86
88 87
88 89
84 85
83 85
89 99
86 91
91 90
99 97
99 98
90 93
90 94