32 34 2 19 4 5 20 21 6 7 8 9 24 10 11 13 25 12 36 38 14 39 40 16 17 26 18 23 27 22 28 29 30 43 44 37 41 42 47 49 54 55 56 57 58 59 60 61 62 64 69 66 75 67 65 70 79 80 78 74 82 83 84 94 93
32 19
34 27
2 19
19 18
4 5
5 6
5 7
5 8
5 21
5 60
20 18
21 23
7 58
9 10
24 10
24 23
10 11
10 13
10 25
11 12
11 36
11 38
36 39
36 37
36 40
14 39
39 47
16 26
17 18
26 18
26 27
26 28
26 29
18 22
18 23
29 30
29 43
29 44
43 42
41 42
47 54
49 54
55 58
56 57
57 58
58 61
58 62
59 61
61 64
62 70
64 69
69 75
66 67
75 84
67 65
67 74
65 70
70 79
79 80
79 78
80 94
74 83
82 83
94 93