0 10 21 1 23 16 2 6 20 3 22 11 34 35 36 4 13 37 38 39 5 9 43 44 45 7 8 48 15 49 50 51 18 55 58 59 60 12 62 19 64 65 66 14 67 68 69 70 71 72 75 17 24 82 83 84 85 86 87 88 89 90 91 92 93 99
0 21
0 10
21 13
21 17
21 88
21 89
21 90
1 23
1 16
23 5
16 11
2 6
6 3
6 43
6 44
6 45
20 13
20 87
20 85
20 86
3 22
3 11
3 34
3 35
3 36
22 15
22 91
22 92
22 93
11 58
11 59
11 60
4 13
4 37
4 38
4 39
13 19
13 64
13 65
13 66
5 9
9 18
7 8
8 15
8 49
8 50
8 51
48 89
15 14
15 70
15 71
15 72
18 12
55 89
62 89
19 24
19 82
19 84
14 67
14 69
68 87
70 87
75 87
83 87
87 99