0 37 50 73 81 1 41 89 95 29 43 57 3 12 28 83 87 4 22 62 77 5 9 18 6 21 26 48 88 92 7 23 36 8 46 10 60 64 68 11 71 72 56 66 74 13 33 14 15 53 16 38 44 69 49 75 86 58 30 90 85 79
0 73
0 37
50 21
73 68
73 90
81 21
1 89
1 95
41 44
89 8
89 13
89 60
89 64
89 79
89 86
95 7
95 38
95 44
95 53
95 68
29 58
43 14
57 3
57 14
57 49
57 58
57 74
12 66
28 62
83 62
87 10
4 62
4 22
62 11
62 92
77 92
5 9
5 18
9 46
18 69
6 21
6 48
6 92
6 88
21 10
21 33
21 56
21 66
26 33
48 75
92 71
23 44
36 68
10 60
68 14
11 72
14 15
16 44
16 69
44 85
75 30