0 10 25 26 1 30 2 6 31 3 22 23 11 34 35 36 4 5 37 38 39 19 41 42 16 7 20 47 48 8 18 51 9 12 52 53 54 55 56 57 13 17 65 14 21 15 70 71 72 78 24 82 83 84 88 89 90 91 92 93 94 95
0 10
0 25
0 26
10 1
10 7
10 55
10 56
10 57
25 78
30 88
30 65
30 51
30 70
2 6
2 31
6 11
6 16
3 22
3 23
3 11
3 34
3 35
3 36
22 4
22 9
22 91
22 92
22 93
4 5
4 37
4 38
4 39
5 19
5 41
5 42
19 15
19 21
19 82
19 83
19 84
16 8
7 20
7 47
7 48
20 24
8 18
9 12
9 52
9 53
9 54
56 88
13 17
17 14
17 78
21 88
21 89
21 90
15 71
15 72
88 95
88 94