69 1 8 58 40 3 4 13 17 36 41 57 5 49 55 43 7 23 42 46 10 85 95 11 24 12 22 83 89 14 52 63 65 66 76 15 27 77 18 62 19 78 96 98 21 35 45 39 75 97 48 29 30 31 32 33 99 59 73 44 51 82 71 50 53 94 84
69 35
1 58
8 42
58 40
40 55
40 18
3 4
4 57
4 41
13 89
17 55
36 48
57 32
57 55
57 75
57 76
57 89
57 94
57 97
5 55
49 52
55 30
55 50
55 82
43 52
43 48
43 51
7 23
23 24
23 42
23 39
46 22
10 95
85 66
95 98
11 24
24 12
24 14
24 21
24 77
12 22
22 35
22 45
22 63
83 52
14 52
14 65
14 66
52 44
52 71
52 82
63 59
66 15
66 78
27 48
18 62
62 29
62 84
19 78
96 50
98 32
31 32
32 33
32 99
73 50
50 53