0 7 1 33 34 35 36 37 38 39 40 41 42 43 44 45 46 47 48 49 50 51 52 2 53 54 55 56 57 58 59 60 61 62 63 64 65 66 67 68 69 70 71 29 8 72 73 74 75 76 77 78 79 80 81 82 83 84 85 86 87 88 89 90 3 18 91 4 30 10 21 26 9 24 27 32 22 23
0 7
0 1
0 33
0 35
0 36
0 37
0 38
0 39
0 40
0 41
0 42
0 43
0 44
0 45
0 46
0 47
0 48
0 49
0 50
0 51
0 52
1 2
1 54
1 55
1 56
1 57
1 58
1 59
1 60
1 61
1 62
1 63
1 64
1 65
1 66
1 67
1 68
1 69
1 70
1 71
34 2
35 3
38 9
46 24
2 29
2 8
2 53
2 72
2 73
2 74
2 75
2 76
2 77
2 78
2 79
2 80
2 81
2 82
2 83
2 84
2 85
2 86
2 87
2 88
2 89
2 90
55 4
29 10
8 26
3 18
3 91
18 32
4 30
21 9
21 22
24 27
22 23