0 2 4 5 1 3 23 24 7 17 16 10 12 15 6 18 14 22 11 9 8 13 20 30 32 29 34 44 38 39 40 41 46 36 25 26 27 33 35 49 28 47 69 93 70 92 89 64 71 73 75 76 88 98 96 60 53 51 85 87 86 97 54 55 67 57 58 83 81 90
0 2
0 4
0 5
0 15
0 9
0 26
0 14
0 7
0 67
2 6
2 47
4 1
5 12
5 10
5 11
5 73
1 16
1 3
1 38
1 27
1 39
3 22
3 20
23 24
23 30
23 89
23 51
24 7
24 17
24 44
24 85
24 86
7 96
16 53
10 32
10 8
10 92
10 90
6 18
6 13
6 40
22 46
9 36
8 35
8 34
8 33
32 29
40 41
46 76
25 26
26 28
49 28
47 81
69 93
93 70
70 92
92 64
92 71
75 76
88 85
98 96
98 60
98 97
60 54
87 86
54 55
67 57
57 58
58 83