0 3 2 1 4 5 6 10 12 11 13 14 15 17 18 19 16 20 23 21 29 28 32 34 31 33 30 35 37 39 42 43 44 45 49 46 47 48 50 51 53 56 59 58 57 62 60 63 65 68 66 73 70 76 78 81 83 80 82 87 88 89 91 93 94 92 90 97 99
0 1
3 2
2 1
2 4
2 93
1 60
4 48
5 6
6 34
10 12
12 11
12 14
12 13
11 63
11 53
13 46
13 65
15 17
15 16
15 18
15 73
18 19
19 48
19 90
20 23
20 87
23 73
21 82
29 28
28 89
32 34
32 31
32 33
32 30
33 49
33 81
35 37
35 39
35 68
37 43
39 50
42 43
42 62
43 44
45 46
49 46
46 47
47 48
47 70
50 51
51 53
56 59
56 57
56 90
59 58
65 66
65 78
76 78
78 97
81 83
81 82
81 80
87 88
88 89
91 93
93 94
93 92
97 99