0 57 74 75 76 77 78 79 80 81 82 83 84 85 86 87 88 89 90 91 92 93 94 95 96 97 98 99 1 52 62 2 58 24 3 25 4 61 45 46 5 72 71 7 23 8 10 43 12 19 13 32 34 70 16 37 17 40 18 31 20 26 29 30 44 67 64 54 53
0 57
0 74
0 75
0 76
0 77
0 78
0 79
0 80
0 81
0 82
0 83
0 84
0 85
0 86
0 87
0 88
0 89
0 90
0 91
0 92
0 93
0 94
0 95
0 96
0 97
0 98
0 99
57 31
57 26
77 4
79 7
80 8
82 10
84 13
87 16
1 62
1 52
62 8
62 29
2 58
2 24
24 10
3 4
25 40
4 61
4 45
4 46
61 44
45 54
5 72
72 7
72 12
71 70
7 23
43 40
12 19
13 32
13 34
13 70
34 67
16 37
37 30
17 40
40 20
40 31
40 64
18 31
67 53