82 89 92 1 11 29 33 70 78 2 37 3 52 61 63 21 5 7 79 95 6 8 66 64 99 35 9 16 58 41 12 22 25 28 43 14 74 15 48 98 18 31 67 17 40 42 50 47 39 45 46 55 90 85 32 54 51 77 94 91
82 35
89 32
89 54
92 3
1 29
1 11
1 70
29 2
29 6
29 8
29 15
29 31
29 37
29 39
29 48
29 63
29 66
29 78
33 22
70 40
70 98
37 51
37 58
3 63
52 16
61 8
63 43
21 8
5 95
5 79
7 99
7 64
95 46
95 77
8 35
99 25
99 42
9 16
16 18
16 25
16 31
16 67
16 74
41 22
12 22
12 25
22 28
22 45
22 46
22 50
22 55
22 90
25 14
17 40
50 85
47 32
46 54
85 91
85 94