0 26 61 62 63 64 65 66 67 68 69 70 71 72 73 74 75 76 77 78 79 80 81 82 83 84 85 86 87 88 89 90 91 92 93 94 95 96 97 98 99 1 30 3 2 43 25 23 4 8 7 48 12 9 49 20 31 16 32 44 15 41 17 18 57 22 53 55 59 40 36
0 26
0 61
0 62
0 63
0 64
0 65
0 66
0 67
0 68
0 69
0 70
0 71
0 72
0 73
0 74
0 75
0 76
0 77
0 78
0 79
0 80
0 81
0 82
0 83
0 84
0 85
0 86
0 87
0 88
0 89
0 90
0 91
0 92
0 93
0 94
0 95
0 96
0 97
0 98
0 99
26 3
26 53
26 55
63 4
67 9
72 16
75 20
83 31
95 48
1 3
1 30
3 25
3 23
2 43
43 31
43 15
23 18
4 8
7 12
48 17
12 16
9 49
31 40
32 18
32 22
32 44
15 41
41 57
59 36
40 36