0 2 96 4 7 9 11 13 15 17 19 21 23 24 25 26 27 28 29 30 31 32 33 34 35 36 37 38 39 40 41 42 43 44 45 46 47 48 49 50 51 52 53 54 55 56 57 58 59 60 61 62 63 64 65 66 67 68 69 70 71 72 73 74 75 77 79 81 83 85 87 89
0 2
0 96
2 4
4 7
7 9
9 11
11 13
13 15
15 17
17 19
19 21
21 23
21 24
23 25
23 26
25 27
25 28
27 29
27 30
29 31
29 32
31 33
31 34
33 35
33 36
35 37
35 38
37 39
37 40
39 41
39 42
41 43
41 44
43 45
43 46
45 47
45 48
47 49
47 50
49 51
49 52
51 53
51 54
53 55
53 56
55 57
55 58
57 59
57 60
59 61
59 62
61 63
61 64
63 65
63 66
65 67
65 68
67 69
67 70
69 71
69 72
71 73
71 74
73 75
75 77
77 79
79 81
81 83
83 85
85 87
87 89