0 10 22 25 26 27 1 11 17 28 29 30 2 3 16 20 9 13 34 35 36 4 37 38 39 5 24 6 43 44 7 18 46 8 15 52 53 54 21 19 12 61 62 63 64 65 66 14 23 73 74 75 76 77 78 85 86 87 89 91 92 93
0 22
0 10
0 25
0 26
0 27
10 21
22 2
22 9
22 91
22 92
22 93
1 11
1 17
1 28
1 29
1 30
11 19
17 3
17 76
17 77
17 78
3 16
3 20
3 9
3 13
3 34
3 35
3 36
16 18
16 73
16 74
16 75
20 6
20 12
20 85
20 86
20 87
9 52
9 53
9 54
13 4
13 24
13 64
13 65
13 66
4 37
4 38
4 39
5 24
6 43
6 44
7 18
46 62
8 15
15 12
21 14
21 89
12 61
12 62
12 63
14 23