0 1 53 36 57 2 8 72 3 50 63 4 83 5 49 9 20 7 10 25 85 82 11 79 86 12 39 64 70 92 14 61 30 21 59 56 18 38 48 73 76 27 28 31 32 33 35 90 44 87 71 47 66 52 99 62 97 69 81 84 96
0 36
0 57
1 72
53 86
53 52
36 35
57 56
2 63
8 9
8 72
8 7
72 44
72 71
72 73
3 83
50 49
63 30
63 32
63 56
63 64
4 49
83 5
83 9
83 49
83 62
83 82
83 84
49 32
49 48
49 90
49 76
9 10
9 25
9 85
20 48
10 11
10 86
10 79
85 27
82 81
11 12
11 39
11 70
86 69
86 87
64 14
64 97
70 92
14 21
14 59
61 62
18 38
38 73
48 47
48 66
27 28
31 32
32 33
66 99
97 96