0 6 27 1 15 2 14 3 19 9 4 12 37 5 20 40 18 10 43 44 45 7 11 46 47 48 8 49 52 23 16 55 56 57 22 24 58 59 60 61 62 63 13 64 65 66 21 67 68 69 73 74 75 17 79 80 81 84 91 93 94 95 96 97 98 99
0 6
0 27
6 18
6 10
6 43
6 44
6 45
1 15
1 2
2 14
14 21
14 24
14 67
14 68
14 69
3 19
3 9
9 5
9 52
4 12
12 11
12 61
12 62
12 63
37 44
5 20
20 8
20 17
20 18
40 44
18 79
18 80
18 81
10 23
10 16
10 55
10 56
10 57
44 49
44 84
7 11
7 47
7 46
7 48
11 22
11 16
11 24
11 58
11 59
11 60
23 95
23 96
16 13
16 73
16 74
16 75
57 94
57 99
22 91
22 93
24 97
24 98
13 64
13 65
13 66