0 11 6 25 26 27 1 8 2 14 24 31 32 33 3 17 34 35 36 4 21 23 5 18 12 43 44 45 7 16 10 15 13 19 49 50 51 9 22 53 54 55 56 20 61 62 63 67 68 69 70 72 76 77 78 79 82 83 84 91 92 93 96 97 98 99
0 11
0 6
0 25
0 26
0 27
11 20
6 12
6 43
6 44
6 45
25 96
1 8
8 15
8 13
8 19
8 49
8 50
8 51
2 14
2 24
2 33
14 12
14 67
14 68
24 17
24 97
24 98
24 99
31 54
32 78
3 17
3 34
3 35
17 22
17 19
17 76
17 77
17 78
36 54
4 21
4 23
23 16
23 96
5 18
18 10
12 61
12 62
12 63
7 10
10 13
19 83
19 84
9 54
9 53
22 91
22 92
22 93
54 55
54 82
54 70
54 78
56 78
69 78
72 78
78 79