0 7 19 22 33 39 45 59 76 1 66 86 2 24 54 3 20 88 27 5 61 65 6 26 47 9 57 92 10 53 96 11 25 12 36 62 80 13 91 14 15 98 87 17 75 89 70 23 50 69 77 28 79 29 30 58 82 94 31 40 68 52 93 38 56 43 73 46 99 60
0 7
0 19
0 22
0 33
0 39
0 45
0 59
0 76
33 12
33 30
39 61
39 9
39 47
39 50
45 3
59 27
59 31
59 68
76 1
1 66
86 61
2 24
2 54
54 43
3 20
88 57
5 61
61 6
61 25
61 28
61 38
61 75
65 53
26 12
47 46
9 57
57 14
57 17
57 53
57 92
57 99
10 96
53 69
96 23
96 38
96 70
11 25
25 77
12 36
12 62
12 80
36 13
62 43
62 29
91 43
15 98
98 23
87 23
87 52
87 60
89 50
70 56
50 79
30 58
30 82
30 94
40 56
93 38
73 60