0 23 1 8 19 16 28 29 30 2 31 3 5 36 4 20 37 38 39 12 18 40 41 6 14 7 24 46 47 48 9 21 54 10 13 15 55 56 57 11 17 58 59 60 61 62 63 65 66 22 70 71 72 78 82 83 84 85 86 93 97 99
0 23
23 2
23 20
1 8
1 19
1 16
1 28
1 29
1 30
19 4
19 10
19 82
19 83
19 84
16 17
2 31
3 5
5 12
5 18
5 40
5 41
36 97
4 20
4 37
4 38
4 39
20 21
20 85
20 86
12 11
12 61
12 62
12 63
6 14
14 13
7 24
7 46
7 47
7 48
24 97
24 99
9 21
54 97
10 13
10 15
10 55
10 56
10 57
13 65
13 66
15 22
15 70
15 71
15 72
56 97
11 58
11 59
11 60
62 97
78 97
93 97