0 15 20 25 1 4 29 2 24 31 33 3 22 10 5 12 18 40 41 6 7 43 44 45 14 19 46 47 48 23 49 51 9 53 55 56 57 11 62 13 16 67 21 70 71 72 73 74 75 17 76 77 79 80 81 83 85 86 87 91 92 96 97 98 99
0 15
0 25
15 21
15 18
15 70
15 71
15 72
20 86
20 85
1 4
4 3
29 43
29 57
29 62
2 24
2 31
2 33
24 6
24 10
24 16
24 97
24 98
24 99
3 22
3 10
22 11
10 55
5 18
5 12
5 40
5 41
12 9
18 23
18 79
18 80
18 81
6 7
6 43
6 45
7 14
7 19
7 46
7 47
7 48
43 86
43 77
44 86
47 81
23 96
49 74
51 74
9 53
56 81
13 16
16 73
16 74
16 75
67 86
21 17
17 76
81 91
83 86
86 87
86 92