0 21 23 25 26 27 1 8 15 28 29 30 2 3 13 33 36 4 9 14 37 40 42 6 12 43 44 45 7 22 49 50 51 10 18 11 59 62 16 66 67 68 69 20 24 70 71 72 73 76 78 19 85 86 87 91 94 95 96 97 98 99
0 21
0 23
0 25
0 26
0 27
21 7
21 10
21 19
23 15
23 14
23 94
23 95
23 96
27 87
27 37
27 97
27 49
1 15
1 8
1 28
1 29
1 30
8 22
8 50
8 51
15 6
15 20
15 24
15 70
15 71
15 72
30 36
30 33
30 40
2 13
2 3
13 16
13 22
13 66
4 14
4 9
14 11
14 67
14 68
14 69
37 78
37 59
42 85
6 43
6 44
6 45
12 62
22 91
10 18
62 91
69 73
69 76
20 85
20 86
24 98
24 99