0 1 2 3 10 12 13 4 11 5 6 7 8 9 19 14 15 28 18 20 21 17 16 44 45 22 23 24 26 27 25 29 30 36 31 32 33 34 35 37 38 39 50 43 40 41 42 46 47 48 51 56 49 72 52 61 60 59 70 63 66 69 74 76 75 82 87 78 79 80 81 83 84 85
0 10
0 1
1 12
2 10
3 10
3 4
3 11
10 5
10 13
12 17
13 14
13 16
11 18
11 20
11 21
6 8
7 8
7 19
8 9
8 14
8 15
8 28
19 44
19 45
28 30
20 22
22 23
23 24
23 26
23 27
24 25
29 30
30 31
30 32
30 33
30 34
30 35
36 35
31 37
31 38
35 39
35 50
38 40
38 41
50 42
50 49
50 72
43 46
40 46
46 47
47 48
47 51
47 56
51 52
56 60
72 59
72 74
61 60
61 63
60 70
70 69
66 69
74 76
76 75
76 87
75 82
82 81
82 83
78 79
79 80
80 81
83 84
84 85