0 21 27 1 6 28 2 15 20 14 31 32 33 3 10 34 35 36 4 13 9 38 39 5 8 40 17 45 7 11 46 47 48 52 53 54 12 55 56 57 60 61 62 63 22 23 24 67 68 69 18 70 71 72 16 75 78 19 81 83 85 86 87 93
0 21
21 5
21 12
27 32
1 6
6 17
6 9
6 45
28 48
2 15
2 20
2 14
2 31
2 32
2 33
15 18
15 70
15 71
15 72
20 9
20 85
20 86
20 87
14 24
14 67
14 68
14 69
32 60
32 55
3 10
3 35
3 34
3 36
10 12
10 55
10 56
10 57
35 81
35 83
4 13
4 9
4 38
4 39
13 22
13 23
9 52
9 53
9 54
5 8
40 48
7 48
7 47
11 12
46 48
48 67
48 78
12 61
12 62
12 63
55 75
55 93
23 16
18 19