0 43 1 85 92 5 47 54 2 27 38 95 80 24 20 73 35 78 86 7 9 11 16 17 30 46 36 31 50 91 82 4 8 15 25 33 63 69 96 55 72 64 32 12 37 6 70 41 83 22 23 75 74 99 56 61 21 66 44 39 52 13 67 19 18 87
0 2
0 27
43 2
1 16
1 95
1 80
1 24
1 20
1 35
1 78
1 86
1 7
1 11
1 17
1 30
1 38
1 92
85 2
5 2
47 2
54 16
54 18
54 44
54 55
54 67
54 75
2 46
2 36
2 31
2 50
2 91
2 82
2 4
2 9
2 8
2 15
2 25
2 33
2 63
2 69
2 73
2 96
27 19
27 52
27 41
27 64
24 6
16 21
16 56
16 36
16 87
16 66
16 22
16 32
16 83
16 23
16 37
16 39
16 61
16 70
17 72
4 12
32 74
32 99
52 13