1 2 3 4 5 6 7 8 9 10 11 12 13 14 15 16 17 18 19 20 21 22 23 24 25 26 27 28 29 30 31 32 33 34 35 36 38 39 40 41 42 43 44 45 47 49 50 51 52 53 54 55 57 59 61 63 64 66 68 70 74 76 78 81 83 87 89 92 96 98
1 2
2 5
3 5
4 5
5 6
5 8
5 9
7 8
8 12
8 13
9 10
9 14
11 12
12 17
12 18
14 15
14 19
14 20
16 17
17 23
17 24
19 25
19 26
20 21
20 27
22 23
23 30
23 31
25 32
25 33
27 28
27 34
27 35
29 30
30 38
30 39
32 40
32 41
34 42
34 43
35 36
35 44
38 47
40 49
40 50
42 51
42 52
44 45
44 53
44 54
47 57
49 59
51 61
53 63
54 55
54 64
57 66
59 68
61 70
66 74
68 76
70 78
74 81
76 83
81 87
83 89
87 92
92 96
96 98