79 12 96 40 29 74 60 38 91 6 89 10 52 15 65 82 42 97 80 8 88 98 77 3 21 67 78 48 83 49 68 81 41 24 64 18 43 51 75 66 73 71 44 59 27 72 36 95 25 58 0 61 92 23 62 2 47 93 94 32 69 5
79 12
12 91
12 96
12 32
12 15
12 66
12 51
40 43
29 43
29 74
29 8
29 25
29 81
60 43
38 91
91 6
91 88
91 3
91 48
91 92
91 52
91 47
91 97
91 89
91 58
6 43
6 73
6 5
6 94
6 77
6 0
6 71
6 59
6 68
6 64
10 18
52 83
52 24
52 21
52 2
65 43
82 83
42 61
97 41
80 43
98 5
21 36
67 43
78 43
83 75
83 49
68 18
81 61
64 44
64 69
64 62
64 93
43 72
43 95
43 23
27 5