0 16 68 69 70 71 72 73 74 75 76 77 78 79 80 81 82 83 84 85 86 87 88 89 90 91 92 93 94 95 96 97 98 99 31 2 54 11 44 41 7 55 19 57 28 8 25 34 39 29 46 13 51 14 33 15 35 32 21 59 66 37 24 63 26 64 67 42 49 50
0 16
0 68
0 69
0 70
0 71
0 72
0 73
0 74
0 75
0 76
0 77
0 78
0 79
0 80
0 81
0 82
0 83
0 84
0 85
0 86
0 87
0 88
0 89
0 90
0 91
0 92
0 93
0 94
0 95
0 96
0 97
0 98
0 99
16 15
16 35
73 7
89 31
90 32
93 37
94 39
96 41
31 14
31 26
2 54
54 32
11 19
44 19
44 49
41 34
41 63
7 55
7 19
7 57
7 28
57 66
28 29
28 67
8 34
8 25
46 42
13 51
51 32
14 33
21 66
21 59
37 42
24 63
26 64
67 50