0 61 63 65 66 67 68 69 70 71 72 73 74 75 76 77 78 79 80 81 82 83 84 85 86 87 88 89 90 91 92 93 94 95 96 97 98 99 1 12 2 22 51 15 36 33 5 57 20 6 54 7 56 53 9 21 10 24 17 64 16 23 38 18 49 19 32 44 25 30 42 59 26 40 45 50 43 58 48
0 61
0 63
0 65
0 66
0 67
0 68
0 69
0 70
0 71
0 72
0 73
0 74
0 75
0 76
0 77
0 78
0 79
0 80
0 81
0 82
0 83
0 84
0 85
0 86
0 87
0 88
0 89
0 90
0 91
0 92
0 93
0 94
0 95
0 96
0 97
0 98
0 99
61 26
63 10
65 1
66 2
82 20
93 36
1 12
2 22
2 51
2 15
15 64
36 18
33 25
33 19
5 20
5 57
20 32
20 44
20 25
6 54
54 59
7 56
7 53
56 50
53 9
9 21
21 30
24 49
17 23
64 38
16 23
16 38
23 42
18 49
25 59
30 59
26 40
26 45
45 48
43 58
43 48