1 51 2 61 80 4 54 71 5 57 6 83 87 79 90 32 39 9 17 47 84 13 93 96 78 16 27 63 86 18 69 19 20 72 22 92 95 70 50 25 56 31 99 89 94 34 60 38 76 53 91 42 44 98 48 88 66 85
1 80
1 2
51 87
61 95
80 34
4 57
54 95
54 9
71 93
5 87
57 94
6 79
83 93
87 99
87 13
87 38
87 78
87 85
79 99
79 16
79 19
90 99
32 94
39 38
9 17
47 78
84 99
93 99
93 63
96 95
96 18
96 27
78 50
86 95
69 89
20 72
72 95
72 22
92 95
95 25
95 48
95 60
95 66
95 70
95 88
95 94
95 98
95 99
56 99
31 89
99 42
99 76
99 89
99 91
94 34
94 44
94 53