0 11 27 1 9 12 2 23 21 31 32 33 3 34 35 36 4 6 37 5 20 7 10 46 47 48 8 14 22 49 50 51 19 52 53 16 55 56 57 60 17 13 67 68 69 15 70 71 72 18 80 85 86 87 88 89 90 91 92 94 97 99
0 11
0 27
11 5
1 12
1 9
9 19
12 7
12 17
2 21
2 23
2 31
2 33
21 3
21 8
21 10
21 88
21 89
21 90
32 47
32 71
33 35
33 94
33 91
3 34
3 36
4 6
6 20
37 69
5 20
20 14
20 15
20 18
20 85
20 86
20 87
7 10
7 47
7 46
7 48
10 16
10 55
10 56
10 57
47 53
47 52
47 60
47 99
8 14
8 22
8 49
8 50
8 51
14 13
14 67
14 68
14 69
22 92
69 70
69 97
15 72
18 80