0 29 32 33 56 76 1 27 38 2 4 13 70 77 47 31 6 28 57 7 83 14 44 54 9 22 65 10 34 61 69 72 11 16 84 94 80 15 62 73 90 95 85 42 60 19 81 71 89 23 87 24 37 78 48 75 68 96 98 91 93
0 76
29 13
29 76
29 56
29 57
32 44
33 87
33 78
76 23
76 31
76 37
76 91
76 96
1 38
27 16
38 90
2 13
2 77
2 4
13 15
13 22
13 28
13 44
13 62
13 72
13 73
13 80
13 90
13 94
13 95
70 16
77 75
47 22
31 68
6 28
28 16
28 10
28 14
28 48
28 65
28 89
7 83
83 81
54 84
9 22
10 69
34 16
61 16
69 98
11 16
11 84
16 42
16 60
16 85
94 24
19 81
81 48
71 87
23 87
48 93