0 1 2 4 5 6 7 8 9 10 25 12 11 13 14 15 16 18 17 19 20 21 22 23 24 3 26 27 28 29 30 31 32 33 34 35 49 36 37 38 39 40 42 41 43 44 45 46 47 48 70 50 55 57 58 60 75 63 64 65 66 68 67 69 71 74 79 83 84 88 92 96 97
0 1
0 2
0 4
0 5
2 18
2 68
5 7
6 7
7 8
7 15
7 39
8 11
9 10
10 25
10 12
25 20
25 26
25 27
25 28
25 29
13 14
14 15
14 23
14 24
16 18
18 17
18 19
18 21
19 20
19 44
20 3
20 63
22 24
24 38
28 33
29 30
29 31
29 32
33 34
33 35
34 42
34 49
34 36
37 38
38 47
40 42
42 41
42 43
42 45
46 47
46 48
70 69
50 55
55 57
57 58
57 65
60 75
75 79
63 64
64 65
64 74
66 68
68 67
68 69
68 71
69 84
71 79
74 88
83 84
84 92
88 97
96 97