0 1 2 3 4 5 6 7 8 9 10 11 12 13 14 15 17 16 18 19 21 22 23 24 25 26 27 28 31 32 33 36 38 39 40 41 43 44 45 46 47 48 49 52 53 55 56 57 58 60 61 63 64 65 66 67 68 72 73 78 77 82 84 85 86 88 90 93
0 3
1 3
2 3
3 4
3 5
3 7
3 10
3 21
3 31
3 39
4 6
5 16
6 8
6 9
6 22
6 24
8 38
10 11
10 13
12 16
14 17
14 15
14 77
15 32
15 88
17 16
17 36
16 18
16 23
16 47
16 61
19 24
21 46
23 25
23 26
24 27
24 85
25 33
25 45
27 28
33 40
33 41
33 58
33 66
33 78
33 90
36 55
39 82
40 44
43 48
43 52
44 57
44 64
46 49
46 60
46 65
46 93
47 53
48 65
52 56
53 73
60 63
63 67
64 68
65 72
66 84
77 86