0 57 61 55 70 71 72 73 74 75 76 77 78 79 80 81 82 83 84 85 86 87 88 89 90 91 92 93 94 95 96 97 98 99 1 39 45 7 3 46 5 28 6 68 31 10 25 11 67 12 21 13 53 41 14 44 26 17 19 40 27 69 51 65 32 49 38 42 60 62
0 57
0 61
0 55
0 70
0 71
0 72
0 73
0 74
0 75
0 76
0 77
0 78
0 79
0 80
0 81
0 82
0 83
0 84
0 85
0 86
0 87
0 88
0 89
0 90
0 91
0 92
0 93
0 94
0 95
0 96
0 97
0 98
0 99
57 21
55 42
71 3
78 11
82 17
88 26
90 28
1 39
1 45
39 32
45 46
45 68
7 46
7 31
46 19
46 25
5 28
28 10
28 19
28 41
6 68
11 67
67 38
12 21
21 14
13 41
13 53
44 27
26 65
19 40
19 27
19 69
69 51
65 60
65 62
49 38