0 1 2 5 6 7 8 9 10 20 30 40 50 60 70 80 90 91 92 97 98 99 19 29 59 69 79 89 11 14 15 16 17 18 21 31 41 51 81 82 83 84 85 86 87 88 28 38 48 58 24 25 32 42 52 73 74 75 76 37 47 57 33 34 35 43 64 65 45
0 10
0 1
1 2
5 15
5 6
6 7
7 8
8 9
9 19
10 20
20 30
30 40
40 41
50 51
50 60
60 70
70 80
80 90
90 91
91 92
97 98
98 99
99 89
19 29
59 58
59 69
69 79
79 89
11 21
14 15
14 25
15 16
15 24
16 17
17 18
18 28
21 31
31 41
41 51
41 52
51 42
81 82
82 83
83 84
84 85
84 75
85 86
85 74
86 87
87 88
28 38
38 48
48 58
48 57
58 47
24 34
25 35
32 42
42 43
73 74
74 64
75 76
75 65
37 47
33 34
33 43
43 45
65 45