0 1 3 4 5 6 10 11 14 15 16 17 18 19 20 23 26 27 28 31 32 34 35 36 37 40 41 42 45 46 47 50 51 52 55 56 57 58 59 60 61 64 66 67 70 71 72 75 76 77 80 81 82 83 84 85 88 90 92 93 94 95 96 99
0 1
0 3
1 31
3 4
4 5
4 88
5 67
5 6
6 64
10 11
10 92
10 40
14 15
15 16
16 17
17 18
18 19
18 23
19 20
20 60
26 27
26 71
27 28
31 32
32 84
34 60
34 35
35 36
36 37
40 41
41 42
41 82
42 51
45 90
45 46
46 47
50 90
50 51
51 52
55 56
56 57
57 58
58 59
59 60
60 61
60 66
61 72
66 67
67 77
70 71
71 72
72 99
75 76
76 77
80 81
81 82
82 83
83 84
84 85
92 93
93 94
94 95
95 96