0 1 11 5 2 26 27 8 28 29 30 6 32 33 3 16 14 34 35 36 4 10 37 15 23 40 41 42 44 9 49 51 53 54 55 57 58 59 60 12 61 63 22 64 65 66 20 67 69 72 73 75 17 78 79 80 81 19 85 87 91 93 95
0 27
0 26
1 28
1 29
1 30
11 60
11 58
5 42
5 40
5 41
2 32
2 33
2 6
26 80
27 32
27 49
27 93
8 51
28 34
28 51
28 81
29 66
29 37
6 44
32 42
32 75
33 57
33 73
33 63
33 64
3 34
3 35
16 73
14 67
14 69
34 65
34 75
36 42
4 10
10 55
15 72
23 95
42 60
9 54
9 53
51 85
51 91
53 55
54 87
55 61
59 93
60 78
12 61
22 93
20 85
20 87
20 19
67 95
72 87
17 78
79 95
79 85