0 30 36 37 34 44 45 46 47 48 49 50 51 52 53 54 55 56 57 58 59 60 61 62 63 64 65 66 67 68 69 70 71 72 73 74 1 15 75 76 78 79 82 83 85 87 88 89 90 91 93 95 96 97 31 22 4 23 5 10 6 25 17 33 9 14 12 35 42 27 18 41 19 24
0 34
0 36
0 30
0 55
0 37
0 70
0 50
0 49
0 46
0 64
0 45
0 66
0 72
0 53
0 58
0 69
0 73
0 59
0 67
0 48
0 63
0 71
0 54
0 57
0 56
0 44
0 62
0 51
0 68
0 47
0 74
0 52
0 60
0 65
0 61
34 17
44 1
55 14
66 33
1 91
1 15
1 90
1 88
1 95
1 87
1 89
1 76
1 96
1 93
1 85
1 83
1 75
1 97
1 79
1 82
1 78
15 23
31 22
22 42
4 23
23 42
5 10
10 14
6 17
6 25
25 19
17 27
17 9
17 35
12 35
42 24
18 19
18 41