0 14 5 8 25 26 27 28 29 30 3 32 12 34 36 23 37 39 17 41 6 19 10 43 44 45 11 20 46 47 16 51 9 21 53 54 56 58 59 61 62 64 67 68 69 70 71 18 24 73 74 75 76 77 83 84 86 88 90 92 94 96 97 98 99
0 25
0 26
0 14
0 5
14 68
8 51
25 76
25 45
25 27
25 69
25 88
28 73
29 68
30 45
3 36
32 64
32 37
12 62
12 61
34 74
34 54
34 59
36 69
23 96
37 54
39 47
17 76
41 61
6 45
6 44
6 43
19 83
10 56
45 67
11 59
20 86
46 56
47 68
16 74
16 73
16 75
16 18
51 90
51 77
9 54
9 53
21 90
54 92
56 61
58 75
59 71
62 74
62 98
70 96
24 97
24 99
73 94
73 77
75 84
75 96
75 76
83 99
86 90
88 97