0 25 27 1 20 3 28 30 2 17 31 32 7 4 8 6 37 38 39 19 40 41 42 12 22 43 45 46 47 48 49 52 53 10 55 56 57 59 60 61 62 63 21 67 68 69 16 73 75 76 77 78 79 82 87 88 90 93 95 96 98 99
0 27
25 55
27 61
27 82
1 28
1 30
20 87
3 7
28 43
28 87
2 31
2 32
17 78
17 77
17 76
17 16
31 60
31 45
7 48
7 46
4 37
4 38
8 49
6 43
37 61
37 49
39 43
19 82
40 90
41 69
41 98
42 61
12 62
12 61
22 93
43 47
43 95
43 53
43 63
45 62
45 87
48 57
49 96
52 67
53 55
10 56
10 55
10 57
55 79
56 76
56 67
57 90
57 73
57 93
59 88
62 99
62 68
21 88
21 90
69 82
16 75