0 23 1 20 28 2 11 16 31 32 3 34 36 10 8 38 39 5 17 40 42 6 43 44 47 48 12 50 51 55 56 57 58 59 61 62 63 64 65 66 15 22 67 68 69 70 73 74 76 77 18 81 82 85 86 87 88 92 93 94 95 96 97 99
0 23
23 95
23 96
23 94
23 22
23 18
1 20
20 86
20 87
28 36
2 32
2 31
11 58
11 59
16 73
31 82
32 61
32 42
3 36
3 34
36 77
36 76
10 56
10 57
8 51
8 50
38 56
38 88
39 62
5 42
17 77
40 61
6 43
43 68
43 48
44 62
47 51
12 62
12 61
51 77
51 92
55 95
56 92
58 77
58 66
58 70
59 74
59 87
62 97
62 94
62 73
63 95
64 85
65 73
15 70
22 93
67 96
68 96
69 82
70 95
81 96
85 86
85 99