0 20 10 56 57 58 59 60 61 62 63 64 65 66 67 68 69 70 71 72 73 74 75 76 77 78 79 80 81 82 83 84 85 86 87 88 89 90 91 1 9 93 2 24 3 4 7 23 46 5 41 6 8 13 35 11 12 54 16 21 48 19 50 42 52 37 44
0 20
0 62
0 75
0 10
0 66
0 82
0 79
0 76
0 86
0 56
0 73
0 71
0 67
0 90
0 61
0 81
0 87
0 58
0 65
0 85
0 64
0 84
0 70
0 88
0 59
0 63
0 60
0 91
0 72
0 77
0 83
0 89
0 80
0 74
0 57
0 69
0 78
0 68
20 24
20 11
20 3
56 2
79 42
81 44
83 46
85 48
87 50
1 93
1 9
93 4
4 46
4 7
4 23
7 5
46 19
46 6
5 41
8 13
8 35
13 21
13 16
12 54
54 42
21 50
48 37
52 44