0 11 7 42 43 44 45 46 47 48 49 50 51 52 53 54 55 56 57 58 59 60 61 62 63 64 65 66 67 68 69 70 72 73 1 17 22 74 75 76 77 78 79 80 81 82 83 84 85 86 87 88 89 90 91 92 93 94 95 96 97 98 99 25 3 4 32 5 6 20 15 9 40 30 39 38 21 24
0 11
0 7
0 54
0 55
0 63
0 67
0 57
0 43
0 58
0 42
0 73
0 52
0 44
0 47
0 68
0 69
0 72
0 48
0 65
0 53
0 62
0 51
0 66
0 70
0 50
0 45
0 64
0 56
0 49
0 59
0 60
0 61
0 46
11 30
7 1
44 3
45 4
1 22
1 17
1 83
1 88
1 86
1 79
1 85
1 75
1 93
1 87
1 80
1 76
1 91
1 96
1 90
1 92
1 74
1 82
1 99
1 78
1 98
1 77
1 97
1 89
1 81
1 84
1 95
1 94
17 38
22 21
75 5
89 25
98 39
99 40
25 6
4 32
6 20
20 15
9 40
21 24