0 27 40 41 42 43 44 45 47 48 49 50 51 52 53 54 55 56 57 58 59 60 61 62 63 64 65 67 1 12 69 70 71 72 73 74 75 76 77 78 79 80 81 82 83 84 85 86 87 88 89 90 91 92 93 94 95 96 97 98 99 6 18 5 11 30 35 7 31 29 19 21 14 36 22 26
0 57
0 27
0 60
0 67
0 63
0 49
0 50
0 51
0 56
0 62
0 48
0 58
0 64
0 59
0 45
0 61
0 65
0 47
0 42
0 53
0 52
0 40
0 41
0 44
0 55
0 54
0 43
27 6
40 1
43 5
1 12
1 88
1 69
1 85
1 96
1 83
1 78
1 70
1 74
1 75
1 80
1 81
1 84
1 98
1 86
1 99
1 77
1 91
1 79
1 87
1 97
1 93
1 95
1 76
1 89
1 94
1 73
1 90
1 92
1 72
1 71
1 82
12 21
74 7
80 14
82 18
97 36
6 35
18 19
5 30
5 11
7 29
7 31
21 22
21 26