2 4 6 8 11 12 14 17 18 20 22 23 24 26 29 30 32 34 35 36 38 40 41 37 42 44 46 47 43 48 50 52 53 49 51 54 56 58 59 55 57 60 62 64 65 61 63 66 68 70 71 67 69 72 74 76 77 73 75 78 80 82 83 84 86 89 90 92 94
2 4
4 6
6 11
6 8
11 12
12 17
12 14
17 18
18 22
20 22
22 23
23 24
24 26
24 29
29 30
30 35
30 34
30 32
35 36
36 40
36 38
36 41
41 42
41 37
42 44
42 47
42 46
47 48
47 43
48 53
48 50
50 51
52 53
53 54
53 49
54 59
54 56
56 57
58 59
59 60
59 55
60 62
60 64
60 65
62 63
65 66
65 61
66 68
66 71
68 69
68 70
71 72
71 67
72 77
72 74
72 76
74 75
77 78
77 73
78 83
78 82
78 80
83 84
84 89
84 86
89 90
90 92
90 94