26 27 1 17 18 2 19 3 6 34 10 37 38 5 40 44 7 47 48 8 49 50 51 9 52 53 54 55 56 57 11 58 59 60 16 61 63 64 65 69 23 71 72 73 76 77 78 21 79 80 81 84 86 90 22 91 94 95 99
26 56
27 57
1 18
17 76
18 80
18 81
18 79
18 8
18 21
2 19
19 84
3 34
6 44
34 94
34 44
34 71
10 57
10 56
37 53
38 58
38 72
5 40
40 58
40 84
7 47
7 48
47 78
47 52
48 69
48 60
8 50
8 49
8 51
49 57
49 99
49 94
51 73
9 52
9 53
9 54
52 76
52 55
55 80
11 58
11 59
59 64
59 81
59 63
16 73
61 71
65 86
23 94
71 86
77 80
78 91
21 90
80 95
22 91