0 93 49 1 18 19 65 2 47 22 4 67 68 6 27 41 79 8 58 56 74 9 59 11 48 31 60 12 44 70 20 14 90 94 15 32 39 62 16 28 53 71 34 52 21 86 23 72 82 54 29 78 38 99 35 42 97 73 91 64 76 98 85
0 49
93 79
49 64
49 91
1 18
1 65
18 34
18 19
18 8
18 60
19 52
65 23
2 47
47 73
22 20
22 12
4 67
67 53
67 64
67 15
67 42
67 56
68 71
6 27
27 21
41 82
41 21
79 14
8 74
8 58
9 59
59 11
11 60
11 48
11 31
48 12
44 82
44 29
70 91
14 94
14 90
90 39
90 85
15 39
15 32
62 73
16 28
28 82
28 54
71 21
71 98
34 99
34 38
34 78
52 76
21 86
72 97
72 64
82 38
82 64
54 73
54 35