32 2 3 19 4 5 20 21 6 7 8 9 24 10 11 25 36 14 39 17 26 18 23 27 22 28 29 43 44 42 52 47 48 49 57 58 59 60 63 61 62 64 69 66 75 67 65 70 79 80 78 72 74 77 83 73 84 86 88 95 92 93 91
32 19
2 19
3 4
19 18
4 21
4 5
4 20
5 60
5 7
5 6
5 8
20 18
7 58
8 9
8 24
24 25
24 10
10 11
11 36
36 39
14 39
39 48
17 18
26 28
26 27
26 29
26 18
18 23
18 22
29 44
29 43
43 42
52 91
47 48
48 49
57 58
59 63
60 61
60 62
63 64
62 64
64 69
69 75
66 67
75 84
75 88
67 72
67 74
67 65
70 79
79 78
79 80
79 95
80 77
78 72
72 73
74 83
73 84
84 86
95 92
92 91
93 91