0 10 13 25 26 27 1 5 19 28 30 2 32 33 3 34 36 21 7 39 40 42 6 16 44 20 46 47 8 17 52 12 58 59 61 62 63 18 64 65 66 14 67 69 70 71 72 74 76 77 81 84 22 23 86 87 88 90 91 93 24 95 97 98
0 27
0 13
0 25
0 26
0 10
13 66
13 64
13 65
13 2
13 18
13 7
13 19
27 70
27 42
27 84
1 5
5 42
5 40
28 66
30 90
2 33
2 32
33 97
33 86
3 34
34 58
34 62
36 62
21 90
21 88
7 47
7 6
39 84
16 74
44 66
20 86
20 87
20 8
20 23
46 90
17 76
17 77
52 58
12 62
59 69
61 90
62 64
63 93
18 81
64 69
66 90
66 76
14 69
14 67
67 71
69 95
69 72
69 91
74 86
76 93
22 93
24 97
24 98