0 23 19 25 26 27 1 2 3 28 29 32 16 34 36 4 10 39 17 41 42 6 15 12 43 45 9 46 47 8 18 49 50 51 52 53 54 57 59 62 22 64 67 69 71 76 81 82 84 85 86 87 21 88 91 92 93 96 97 98 99
0 25
23 96
19 82
19 84
25 39
25 91
26 82
27 62
27 52
27 91
1 28
2 32
3 36
3 34
28 88
28 34
29 32
32 92
16 8
36 45
36 64
4 39
10 8
17 76
41 62
42 53
42 69
6 45
15 71
12 62
43 93
45 97
9 52
9 53
46 92
47 71
8 50
8 49
18 81
50 81
51 96
52 64
52 67
53 54
57 62
59 86
62 76
22 92
22 93
22 91
71 81
81 99
81 93
81 85
82 92
85 86
87 91
21 88
92 96
93 98