0 9 18 25 26 1 8 20 29 30 2 24 31 32 33 3 4 11 34 35 36 23 37 38 39 5 15 40 41 42 6 14 43 44 45 7 46 48 17 50 53 10 21 57 58 59 60 13 61 64 66 70 71 73 76 78 79 80 82 84 85 86 87 88 89 90 91 92 94 96
0 26
0 18
9 53
18 21
25 59
1 30
1 29
1 8
20 86
29 39
2 31
2 32
2 33
24 11
31 71
31 36
31 87
3 34
4 39
4 38
4 37
11 59
11 58
11 60
34 36
35 86
36 53
23 94
38 71
38 91
38 96
39 41
39 45
5 41
15 71
40 59
41 86
41 66
41 59
42 88
6 44
6 43
6 14
43 88
7 46
46 57
48 57
48 76
17 76
17 78
50 71
53 70
53 64
10 21
10 57
21 88
21 89
21 90
13 64
61 71
61 85
70 94
73 94
79 89
80 89
82 86
84 88
86 88
88 92