1 3 4 5 6 7 8 9 10 11 12 13 14 15 16 17 18 26 27 24 25 30 31 32 28 29 19 20 21 22 23 33 34 35 36 37 38 39 89 90 42 48 49 50 51 52 54 56 57 58 60 45 61 62 65 69 72 67 68 73 76 85 86 78 79 80 81 82 93 96
1 72
3 4
4 5
4 20
4 57
4 90
5 6
6 7
6 78
6 9
8 9
9 10
9 85
10 28
10 11
11 12
12 13
13 14
14 15
15 16
16 17
17 18
26 25
27 28
24 23
24 25
30 31
31 60
31 48
31 32
32 54
32 33
28 23
28 29
29 76
19 20
20 21
22 23
23 96
33 34
34 78
34 35
34 80
34 45
35 36
36 37
37 38
38 39
89 90
42 76
48 49
49 50
50 51
51 52
56 45
56 93
57 58
60 61
45 65
61 62
69 72
69 68
72 73
67 76
68 96
85 86
78 79
80 81
81 82