0 2 25 24 62 63 64 65 66 67 68 69 70 71 72 73 74 75 76 77 78 79 80 81 82 83 84 85 86 87 88 89 90 91 92 93 94 95 96 97 98 99 1 3 44 4 5 37 52 9 58 11 56 61 38 15 41 16 40 17 20 18 22 23 54 32 35 27 30 50 47 60
0 24
0 2
0 67
0 84
0 70
0 25
0 92
0 82
0 81
0 75
0 89
0 90
0 96
0 94
0 68
0 91
0 95
0 93
0 87
0 78
0 99
0 88
0 76
0 72
0 79
0 66
0 64
0 97
0 74
0 77
0 85
0 63
0 71
0 86
0 62
0 73
0 98
0 80
0 83
0 65
0 69
25 9
24 54
24 41
24 32
24 35
62 1
65 5
74 16
75 17
93 44
97 50
99 52
3 44
44 4
44 18
5 37
37 30
9 11
9 58
11 56
56 60
61 40
38 27
15 41
16 40
17 20
18 22
23 54
27 30
47 60