0 6 1 15 28 29 14 32 3 19 9 34 35 36 4 37 38 39 20 40 42 18 10 43 44 45 11 46 47 49 51 52 53 54 16 55 56 57 24 58 59 60 61 13 64 21 72 17 77 78 79 80 84 85 86 87 92 93 94 95 97 98 99
0 6
6 44
6 43
1 29
1 28
15 72
29 59
29 38
29 32
14 24
14 21
32 57
3 35
3 36
19 84
9 52
9 53
34 64
35 57
35 54
4 38
4 39
37 44
38 77
38 97
20 86
20 85
20 87
20 18
40 44
42 58
18 79
10 57
10 56
10 55
44 84
44 56
44 49
45 84
45 95
11 58
11 59
11 60
11 24
11 16
46 58
47 59
47 92
47 80
47 78
51 92
53 84
56 93
57 99
57 94
58 86
58 61
13 64
64 77
64 72
17 77
77 98