0 4 18 50 51 52 53 54 55 56 57 58 59 60 61 62 63 64 65 66 67 68 69 70 71 72 73 74 75 76 77 78 79 80 81 82 83 84 85 1 22 48 6 86 88 90 92 93 10 3 8 29 5 46 49 14 21 7 39 9 30 32 12 44 40 28 17 35 20 31 24 45 43 37 34
0 18
0 4
0 65
0 71
0 85
0 54
0 74
0 58
0 72
0 62
0 51
0 57
0 78
0 80
0 75
0 67
0 82
0 83
0 68
0 63
0 81
0 60
0 77
0 79
0 59
0 70
0 76
0 69
0 84
0 53
0 50
0 64
0 56
0 66
0 61
0 73
0 55
0 52
4 29
18 49
65 24
70 30
75 35
1 22
1 6
1 48
1 88
1 92
1 93
1 86
1 90
48 17
6 21
6 14
6 3
90 10
10 5
3 8
5 46
21 12
21 45
21 40
7 39
39 17
39 28
9 30
32 35
12 44
28 34
20 24
20 31
24 45
24 43
37 34