0 21 25 26 6 28 30 15 20 14 32 3 34 35 4 39 5 8 40 42 44 45 7 47 48 49 51 52 54 55 56 57 61 62 63 23 65 24 67 18 71 16 73 74 77 19 79 80 81 82 83 85 87 88 89 90 91 93 95 96 97 99
0 25
21 89
25 89
25 26
6 45
28 48
28 39
30 74
15 71
20 85
20 87
14 67
32 55
3 35
3 34
35 89
35 81
35 83
35 97
4 39
5 42
8 49
8 51
40 48
42 65
42 62
42 54
44 82
44 81
45 56
45 52
45 96
45 91
7 48
7 47
47 99
48 67
49 67
52 79
54 73
55 93
56 93
57 73
61 82
63 81
23 95
24 99
18 81
71 95
16 73
73 82
73 77
74 83
74 87
19 82
80 99
81 91
83 99
83 88
85 95
90 93