0 19 24 25 26 20 8 28 29 30 2 11 7 31 32 33 3 34 35 9 10 13 37 38 39 40 42 6 44 47 48 21 49 50 12 52 53 55 56 60 61 62 64 67 69 70 71 74 17 23 76 22 81 82 83 84 85 87 89 91 93 95 96 98 99
0 26
19 83
19 84
19 82
19 17
24 99
25 35
26 42
26 37
20 87
8 49
8 21
28 38
29 99
30 93
2 31
2 33
2 11
7 47
31 35
31 44
32 61
3 35
3 34
35 95
35 47
9 52
10 55
13 64
37 39
38 48
40 61
42 81
6 44
47 55
47 85
48 91
21 89
49 83
49 71
50 84
12 61
12 62
52 62
53 81
55 60
56 91
60 83
60 93
61 64
64 83
67 84
69 81
69 87
70 74
70 91
23 95
76 84
22 91
22 93
83 98
87 95
93 99
95 96